Log file open, 01/31/20 13:47:21
LogWindows: Failed to load 'aqProf.dll' (GetLastError=126)
LogWindows: File 'aqProf.dll' does not exist
LogWindows: Failed to load 'VtuneApi.dll' (GetLastError=126)
LogWindows: File 'VtuneApi.dll' does not exist
LogWindows: Failed to load 'VtuneApi32e.dll' (GetLastError=126)
LogWindows: File 'VtuneApi32e.dll' does not exist
LogConsoleResponse: Display: Failed to find resolution value strings in scalability ini. Falling back to default.
LogInit: Display: Running engine for game: NiteOfTheLivingDead
LogPlatformFile: Not using cached read wrapper
LogTaskGraph: Started task graph with 5 named threads and 11 total threads with 3 sets of task threads.
LogStats: Stats thread started at 0.097949
LogD3D11RHI: Loaded GFSDK_Aftermath_Lib.x64.dll
LogICUInternationalization: ICU TimeZone Detection - Raw Offset: -5:00, Platform Override: ''
LogPluginManager: Mounting plugin Paper2D
LogPluginManager: Mounting plugin AISupport
LogPluginManager: Mounting plugin LightPropagationVolume
LogPluginManager: Mounting plugin ActorLayerUtilities
LogPluginManager: Mounting plugin AnimationSharing
LogPluginManager: Mounting plugin CLionSourceCodeAccess
LogPluginManager: Mounting plugin CodeLiteSourceCodeAccess
LogPluginManager: Mounting plugin GitSourceControl
LogPluginManager: Mounting plugin KDevelopSourceCodeAccess
LogPluginManager: Mounting plugin NullSourceCodeAccess
LogPluginManager: Mounting plugin PerforceSourceControl
LogPluginManager: Mounting plugin SubversionSourceControl
LogPluginManager: Mounting plugin UObjectPlugin
LogPluginManager: Mounting plugin VisualStudioCodeSourceCodeAccess
LogPluginManager: Mounting plugin VisualStudioSourceCodeAccess
LogPluginManager: Mounting plugin XCodeSourceCodeAccess
LogPluginManager: Mounting plugin AssetManagerEditor
LogPluginManager: Mounting plugin CryptoKeys
LogPluginManager: Mounting plugin CurveEditorTools
LogPluginManager: Mounting plugin DataValidation
LogPluginManager: Mounting plugin FacialAnimation
LogPluginManager: Mounting plugin GameplayTagsEditor
LogPluginManager: Mounting plugin MacGraphicsSwitching
LogPluginManager: Mounting plugin MaterialAnalyzer
LogPluginManager: Mounting plugin MobileLauncherProfileWizard
LogPluginManager: Mounting plugin PluginBrowser
LogPluginManager: Mounting plugin SpeedTreeImporter
LogPluginManager: Mounting plugin DatasmithContent
LogPluginManager: Mounting plugin VariantManagerContent
LogPluginManager: Mounting plugin AlembicImporter
LogPluginManager: Mounting plugin AutomationUtils
LogPluginManager: Mounting plugin BackChannel
LogPluginManager: Mounting plugin CharacterAI
LogPluginManager: Mounting plugin GeometryCache
LogPluginManager: Mounting plugin HTML5Networking
LogPluginManager: Mounting plugin PlatformCrypto
LogPluginManager: Mounting plugin ProxyLODPlugin
LogPluginManager: Mounting plugin SkeletalReduction
LogPluginManager: Mounting plugin MagicLeap
LogPluginManager: Mounting plugin MagicLeapMedia
LogPluginManager: Mounting plugin AndroidMedia
LogPluginManager: Mounting plugin AvfMedia
LogPluginManager: Mounting plugin ImgMedia
LogPluginManager: Mounting plugin MediaCompositing
LogPluginManager: Mounting plugin MediaPlayerEditor
LogPluginManager: Mounting plugin WebMMedia
LogPluginManager: Mounting plugin WmfMedia
LogPluginManager: Mounting plugin TcpMessaging
LogPluginManager: Mounting plugin UdpMessaging
LogPluginManager: Mounting plugin ActorSequence
LogPluginManager: Mounting plugin LevelSequenceEditor
LogPluginManager: Mounting plugin MatineeToLevelSequence
LogPluginManager: Mounting plugin NetcodeUnitTest
LogPluginManager: Mounting plugin NUTUnrealEngine4
LogPluginManager: Mounting plugin OnlineSubsystemGooglePlay
LogPluginManager: Mounting plugin OnlineSubsystemIOS
LogPluginManager: Mounting plugin OnlineSubsystem
LogPluginManager: Mounting plugin OnlineSubsystemNull
LogPluginManager: Mounting plugin OnlineSubsystemUtils
LogPluginManager: Mounting plugin LauncherChunkInstaller
LogPluginManager: Mounting plugin AndroidDeviceProfileSelector
LogPluginManager: Mounting plugin AndroidMoviePlayer
LogPluginManager: Mounting plugin AndroidPermission
LogPluginManager: Mounting plugin AppleImageUtils
LogPluginManager: Mounting plugin AppleMoviePlayer
LogPluginManager: Mounting plugin ArchVisCharacter
LogPluginManager: Mounting plugin AudioCapture
LogPluginManager: Mounting plugin CableComponent
LogPluginManager: Mounting plugin CustomMeshComponent
LogPluginManager: Mounting plugin EditableMesh
LogPluginManager: Mounting plugin ExampleDeviceProfileSelector
LogPluginManager: Mounting plugin GoogleCloudMessaging
LogPluginManager: Mounting plugin IOSDeviceProfileSelector
LogPluginManager: Mounting plugin LinuxDeviceProfileSelector
LogPluginManager: Mounting plugin LocationServicesBPLibrary
LogPluginManager: Mounting plugin MobilePatchingUtils
LogPluginManager: Mounting plugin OculusVR
LogPluginManager: Mounting plugin PhysXVehicles
LogPluginManager: Mounting plugin ProceduralMeshComponent
LogPluginManager: Mounting plugin RuntimePhysXCooking
LogPluginManager: Mounting plugin SignificanceManager
LogPluginManager: Mounting plugin SteamVR
LogPluginManager: Mounting plugin WebMMoviePlayer
LogPluginManager: Mounting plugin WindowsMoviePlayer
LogPluginManager: Mounting plugin ScreenshotTools
LogInit: Using libcurl 7.55.1-DEV
LogInit:  - built for x86_64-pc-win32
LogInit:  - supports SSL with OpenSSL/1.1.1
LogInit:  - supports HTTP deflate (compression) using libz 1.2.8
LogInit:  - other features:
LogInit:      CURL_VERSION_SSL
LogInit:      CURL_VERSION_LIBZ
LogInit:      CURL_VERSION_IPV6
LogInit:      CURL_VERSION_ASYNCHDNS
LogInit:      CURL_VERSION_LARGEFILE
LogInit:      CURL_VERSION_IDN
LogInit:  CurlRequestOptions (configurable via config and command line):
LogInit:  - bVerifyPeer = true  - Libcurl will verify peer certificate
LogInit:  - bUseHttpProxy = false  - Libcurl will NOT use HTTP proxy
LogInit:  - bDontReuseConnections = false  - Libcurl will reuse connections
LogInit:  - MaxHostConnections = 16  - Libcurl will limit the number of connections to a host
LogInit:  - LocalHostAddr = Default
LogInit:  - BufferSize = 65536
LogOnline: OSS: Creating online subsystem instance for: NULL
LogInit: WinSock: version 1.1 (2.2), MaxSocks=32767, MaxUdp=65467
LogInit: Build: ++UE4+Release-4.23-CL-9631420
LogInit: Engine Version: 4.23.1-9631420+++UE4+Release-4.23
LogInit: Compatible Engine Version: 4.23.0-8386587+++UE4+Release-4.23
LogInit: Net CL: 8386587
LogInit: OS: Windows 10 (Release 1903) (), CPU:        Intel(R) Core(TM) i7-3520M CPU @ 2.90GHz, GPU: Intel(R) HD Graphics 4000
LogInit: Compiled (64-bit): Oct 18 2019 02:07:44
LogInit: Compiled with Visual C++: 19.16.27030.01
LogInit: Build Configuration: Development
LogInit: Branch Name: ++UE4+Release-4.23
LogInit: Command Line:  -EpicPortal -epicusername=Jeffiff -epicuserid=dfad90c0e50a4f9f8e6706aabb5b5e9e -epiclocale=en-US
LogInit: Base Directory: C:/UE_4.23/Engine/Binaries/Win64/
LogInit: Installed Engine Build: 1
LogDevObjectVersion: Number of dev versions registered: 23
LogDevObjectVersion:   Dev-Blueprints (B0D832E4-1F89-4F0D-ACCF-7EB736FD4AA2): 10
LogDevObjectVersion:   Dev-Build (E1C64328-A22C-4D53-A36C-8E866417BD8C): 0
LogDevObjectVersion:   Dev-Core (375EC13C-06E4-48FB-B500-84F0262A717E): 3
LogDevObjectVersion:   Dev-Editor (E4B068ED-F494-42E9-A231-DA0B2E46BB41): 34
LogDevObjectVersion:   Dev-Framework (CFFC743F-43B0-4480-9391-14DF171D2073): 35
LogDevObjectVersion:   Dev-Mobile (B02B49B5-BB20-44E9-A304-32B752E40360): 2
LogDevObjectVersion:   Dev-Networking (A4E4105C-59A1-49B5-A7C5-40C4547EDFEE): 0
LogDevObjectVersion:   Dev-Online (39C831C9-5AE6-47DC-9A44-9C173E1C8E7C): 0
LogDevObjectVersion:   Dev-Physics (78F01B33-EBEA-4F98-B9B4-84EACCB95AA2): 0
LogDevObjectVersion:   Dev-Platform (6631380F-2D4D-43E0-8009-CF276956A95A): 0
LogDevObjectVersion:   Dev-Rendering (12F88B9F-8875-4AFC-A67C-D90C383ABD29): 31
LogDevObjectVersion:   Dev-Sequencer (7B5AE74C-D270-4C10-A958-57980B212A5A): 11
LogDevObjectVersion:   Dev-VR (D7296918-1DD6-4BDD-9DE2-64A83CC13884): 2
LogDevObjectVersion:   Dev-LoadTimes (C2A15278-BFE7-4AFE-6C17-90FF531DF755): 1
LogDevObjectVersion:   Private-Geometry (6EACA3D4-40EC-4CC1-B786-8BED09428FC5): 3
LogDevObjectVersion:   Dev-AnimPhys (29E575DD-E0A3-4627-9D10-D276232CDCEA): 17
LogDevObjectVersion:   Dev-Anim (AF43A65D-7FD3-4947-9873-3E8ED9C1BB05): 2
LogDevObjectVersion:   Dev-ReflectionCapture (6B266CEC-1EC7-4B8F-A30B-E4D90942FC07): 1
LogDevObjectVersion:   Dev-Automation (0DF73D61-A23F-47EA-B727-89E90C41499A): 1
LogDevObjectVersion:   FortniteMain (601D1886-AC64-4F84-AA16-D3DE0DEAC7D6): 27
LogDevObjectVersion:   Dev-Enterprise (9DFFBCD6-494F-0158-E221-12823C92A888): 6
LogDevObjectVersion:   Dev-Niagara (F2AED0AC-9AFE-416F-8664-AA7FFA26D6FC): 1
LogDevObjectVersion:   Dev-Destruction (174F1F0B-B4C6-45A5-B13F-2EE8D0FB917D): 9
LogInit: Presizing for max 16777216 objects, including 0 objects not considered by GC, pre-allocating 0 bytes for permanent pool.
LogInit: Object subsystem initialized
LogConfig: Setting CVar [[con.DebugEarlyDefault:1]]
LogConfig: Setting CVar [[r.setres:1280x720]]
[2020.01.31-18.47.21:736][  0]LogConfig: Setting CVar [[r.VSync:0]]
[2020.01.31-18.47.21:736][  0]LogConfig: Setting CVar [[r.RHICmdBypass:0]]
[2020.01.31-18.47.21:736][  0]LogConfig: Applying CVar settings from Section [/Script/Engine.RendererSettings] File [C:/Users/IanStJohn/Documents/GitHub/Nite-Of-The-Living-Dead/NiteOfTheLivingDead/NiteOfTheLivingDead/Saved/Config/Windows/Engine.ini]
[2020.01.31-18.47.21:736][  0]LogConfig: Setting CVar [[r.GPUCrashDebugging:0]]
[2020.01.31-18.47.21:736][  0]LogConfig: Applying CVar settings from Section [/Script/Engine.RendererOverrideSettings] File [C:/Users/IanStJohn/Documents/GitHub/Nite-Of-The-Living-Dead/NiteOfTheLivingDead/NiteOfTheLivingDead/Saved/Config/Windows/Engine.ini]
[2020.01.31-18.47.21:736][  0]LogConfig: Applying CVar settings from Section [/Script/Engine.StreamingSettings] File [C:/Users/IanStJohn/Documents/GitHub/Nite-Of-The-Living-Dead/NiteOfTheLivingDead/NiteOfTheLivingDead/Saved/Config/Windows/Engine.ini]
[2020.01.31-18.47.21:736][  0]LogConfig: Setting CVar [[s.MinBulkDataSizeForAsyncLoading:131072]]
[2020.01.31-18.47.21:736][  0]LogConfig: Setting CVar [[s.AsyncLoadingThreadEnabled:0]]
[2020.01.31-18.47.21:736][  0]LogConfig: Setting CVar [[s.EventDrivenLoaderEnabled:1]]
[2020.01.31-18.47.21:736][  0]LogConfig: Setting CVar [[s.WarnIfTimeLimitExceeded:0]]
[2020.01.31-18.47.21:736][  0]LogConfig: Setting CVar [[s.TimeLimitExceededMultiplier:1.5]]
[2020.01.31-18.47.21:736][  0]LogConfig: Setting CVar [[s.TimeLimitExceededMinTime:0.005]]
[2020.01.31-18.47.21:736][  0]LogConfig: Setting CVar [[s.UseBackgroundLevelStreaming:1]]
[2020.01.31-18.47.21:736][  0]LogConfig: Setting CVar [[s.PriorityAsyncLoadingExtraTime:15.0]]
[2020.01.31-18.47.21:736][  0]LogConfig: Setting CVar [[s.LevelStreamingActorsUpdateTimeLimit:5.0]]
[2020.01.31-18.47.21:736][  0]LogConfig: Setting CVar [[s.PriorityLevelStreamingActorsUpdateExtraTime:5.0]]
[2020.01.31-18.47.21:736][  0]LogConfig: Setting CVar [[s.LevelStreamingComponentsRegistrationGranularity:10]]
[2020.01.31-18.47.21:736][  0]LogConfig: Setting CVar [[s.UnregisterComponentsTimeLimit:1.0]]
[2020.01.31-18.47.21:736][  0]LogConfig: Setting CVar [[s.LevelStreamingComponentsUnregistrationGranularity:5]]
[2020.01.31-18.47.21:736][  0]LogConfig: Applying CVar settings from Section [/Script/Engine.GarbageCollectionSettings] File [C:/Users/IanStJohn/Documents/GitHub/Nite-Of-The-Living-Dead/NiteOfTheLivingDead/NiteOfTheLivingDead/Saved/Config/Windows/Engine.ini]
[2020.01.31-18.47.21:736][  0]LogConfig: Setting CVar [[gc.MaxObjectsNotConsideredByGC:1]]
[2020.01.31-18.47.21:736][  0]LogConfig: Setting CVar [[gc.SizeOfPermanentObjectPool:0]]
[2020.01.31-18.47.21:737][  0]LogConfig: Setting CVar [[gc.FlushStreamingOnGC:0]]
[2020.01.31-18.47.21:737][  0]LogConfig: Setting CVar [[gc.NumRetriesBeforeForcingGC:10]]
[2020.01.31-18.47.21:737][  0]LogConfig: Setting CVar [[gc.AllowParallelGC:1]]
[2020.01.31-18.47.21:737][  0]LogConfig: Setting CVar [[gc.TimeBetweenPurgingPendingKillObjects:61.1]]
[2020.01.31-18.47.21:737][  0]LogConfig: Setting CVar [[gc.MaxObjectsInEditor:16777216]]
[2020.01.31-18.47.21:737][  0]LogConfig: Setting CVar [[gc.IncrementalBeginDestroyEnabled:1]]
[2020.01.31-18.47.21:737][  0]LogConfig: Setting CVar [[gc.CreateGCClusters:1]]
[2020.01.31-18.47.21:737][  0]LogConfig: Setting CVar [[gc.MinGCClusterSize:5]]
[2020.01.31-18.47.21:737][  0]LogConfig: Setting CVar [[gc.ActorClusteringEnabled:0]]
[2020.01.31-18.47.21:737][  0]LogConfig: Setting CVar [[gc.BlueprintClusteringEnabled:0]]
[2020.01.31-18.47.21:737][  0]LogConfig: Setting CVar [[gc.UseDisregardForGCOnDedicatedServers:0]]
[2020.01.31-18.47.21:737][  0]LogConfig: Applying CVar settings from Section [/Script/Engine.NetworkSettings] File [C:/Users/IanStJohn/Documents/GitHub/Nite-Of-The-Living-Dead/NiteOfTheLivingDead/NiteOfTheLivingDead/Saved/Config/Windows/Engine.ini]
[2020.01.31-18.47.21:737][  0]LogConfig: Applying CVar settings from Section [/Script/UnrealEd.CookerSettings] File [C:/Users/IanStJohn/Documents/GitHub/Nite-Of-The-Living-Dead/NiteOfTheLivingDead/NiteOfTheLivingDead/Saved/Config/Windows/Engine.ini]
[2020.01.31-18.47.21:739][  0]LogConfig: Applying CVar settings from Section [ViewDistanceQuality@3] File [C:/Users/IanStJohn/Documents/GitHub/Nite-Of-The-Living-Dead/NiteOfTheLivingDead/NiteOfTheLivingDead/Saved/Config/Windows/Scalability.ini]
[2020.01.31-18.47.21:739][  0]LogConfig: Setting CVar [[r.SkeletalMeshLODBias:0]]
[2020.01.31-18.47.21:739][  0]LogConfig: Setting CVar [[r.ViewDistanceScale:1.0]]
[2020.01.31-18.47.21:739][  0]LogConfig: Applying CVar settings from Section [AntiAliasingQuality@3] File [C:/Users/IanStJohn/Documents/GitHub/Nite-Of-The-Living-Dead/NiteOfTheLivingDead/NiteOfTheLivingDead/Saved/Config/Windows/Scalability.ini]
[2020.01.31-18.47.21:739][  0]LogConfig: Setting CVar [[r.PostProcessAAQuality:4]]
[2020.01.31-18.47.21:739][  0]LogConfig: Applying CVar settings from Section [ShadowQuality@3] File [C:/Users/IanStJohn/Documents/GitHub/Nite-Of-The-Living-Dead/NiteOfTheLivingDead/NiteOfTheLivingDead/Saved/Config/Windows/Scalability.ini]
[2020.01.31-18.47.21:739][  0]LogConfig: Setting CVar [[r.LightFunctionQuality:1]]
[2020.01.31-18.47.21:739][  0]LogConfig: Setting CVar [[r.ShadowQuality:5]]
[2020.01.31-18.47.21:739][  0]LogConfig: Setting CVar [[r.Shadow.CSM.MaxCascades:10]]
[2020.01.31-18.47.21:739][  0]LogConfig: Setting CVar [[r.Shadow.MaxResolution:2048]]
[2020.01.31-18.47.21:739][  0]LogConfig: Setting CVar [[r.Shadow.MaxCSMResolution:2048]]
[2020.01.31-18.47.21:739][  0]LogConfig: Setting CVar [[r.Shadow.RadiusThreshold:0.01]]
[2020.01.31-18.47.21:739][  0]LogConfig: Setting CVar [[r.Shadow.DistanceScale:1.0]]
[2020.01.31-18.47.21:739][  0]LogConfig: Setting CVar [[r.Shadow.CSM.TransitionScale:1.0]]
[2020.01.31-18.47.21:739][  0]LogConfig: Setting CVar [[r.Shadow.PreShadowResolutionFactor:1.0]]
[2020.01.31-18.47.21:739][  0]LogConfig: Setting CVar [[r.DistanceFieldShadowing:1]]
[2020.01.31-18.47.21:739][  0]LogConfig: Setting CVar [[r.DistanceFieldAO:1]]
[2020.01.31-18.47.21:739][  0]LogConfig: Setting CVar [[r.AOQuality:2]]
[2020.01.31-18.47.21:739][  0]LogConfig: Setting CVar [[r.VolumetricFog:1]]
[2020.01.31-18.47.21:739][  0]LogConfig: Setting CVar [[r.VolumetricFog.GridPixelSize:8]]
[2020.01.31-18.47.21:739][  0]LogConfig: Setting CVar [[r.VolumetricFog.GridSizeZ:128]]
[2020.01.31-18.47.21:739][  0]LogConfig: Setting CVar [[r.VolumetricFog.HistoryMissSupersampleCount:4]]
[2020.01.31-18.47.21:739][  0]LogConfig: Setting CVar [[r.LightMaxDrawDistanceScale:1]]
[2020.01.31-18.47.21:739][  0]LogConfig: Setting CVar [[r.CapsuleShadows:1]]
[2020.01.31-18.47.21:739][  0]LogConfig: Applying CVar settings from Section [PostProcessQuality@3] File [C:/Users/IanStJohn/Documents/GitHub/Nite-Of-The-Living-Dead/NiteOfTheLivingDead/NiteOfTheLivingDead/Saved/Config/Windows/Scalability.ini]
[2020.01.31-18.47.21:739][  0]LogConfig: Setting CVar [[r.MotionBlurQuality:4]]
[2020.01.31-18.47.21:739][  0]LogConfig: Setting CVar [[r.AmbientOcclusionMipLevelFactor:0.4]]
[2020.01.31-18.47.21:739][  0]LogConfig: Setting CVar [[r.AmbientOcclusionMaxQuality:100]]
[2020.01.31-18.47.21:739][  0]LogConfig: Setting CVar [[r.AmbientOcclusionLevels:-1]]
[2020.01.31-18.47.21:740][  0]LogConfig: Setting CVar [[r.AmbientOcclusionRadiusScale:1.0]]
[2020.01.31-18.47.21:740][  0]LogConfig: Setting CVar [[r.DepthOfFieldQuality:2]]
[2020.01.31-18.47.21:740][  0]LogConfig: Setting CVar [[r.RenderTargetPoolMin:400]]
[2020.01.31-18.47.21:740][  0]LogConfig: Setting CVar [[r.LensFlareQuality:2]]
[2020.01.31-18.47.21:740][  0]LogConfig: Setting CVar [[r.SceneColorFringeQuality:1]]
[2020.01.31-18.47.21:740][  0]LogConfig: Setting CVar [[r.EyeAdaptationQuality:2]]
[2020.01.31-18.47.21:740][  0]LogConfig: Setting CVar [[r.BloomQuality:5]]
[2020.01.31-18.47.21:740][  0]LogConfig: Setting CVar [[r.FastBlurThreshold:100]]
[2020.01.31-18.47.21:740][  0]LogConfig: Setting CVar [[r.Upscale.Quality:3]]
[2020.01.31-18.47.21:740][  0]LogConfig: Setting CVar [[r.Tonemapper.GrainQuantization:1]]
[2020.01.31-18.47.21:740][  0]LogConfig: Setting CVar [[r.LightShaftQuality:1]]
[2020.01.31-18.47.21:740][  0]LogConfig: Setting CVar [[r.Filter.SizeScale:1]]
[2020.01.31-18.47.21:740][  0]LogConfig: Setting CVar [[r.Tonemapper.Quality:5]]
[2020.01.31-18.47.21:740][  0]LogConfig: Setting CVar [[r.DOF.Gather.AccumulatorQuality:1        ; higher gathering accumulator quality]]
[2020.01.31-18.47.21:740][  0]LogConfig: Setting CVar [[r.DOF.Gather.PostfilterMethod:1          ; Median3x3 postfilering method]]
[2020.01.31-18.47.21:740][  0]LogConfig: Setting CVar [[r.DOF.Gather.EnableBokehSettings:0       ; no bokeh simulation when gathering]]
[2020.01.31-18.47.21:740][  0]LogConfig: Setting CVar [[r.DOF.Gather.RingCount:4                 ; medium number of samples when gathering]]
[2020.01.31-18.47.21:740][  0]LogConfig: Setting CVar [[r.DOF.Scatter.ForegroundCompositing:1    ; additive foreground scattering]]
[2020.01.31-18.47.21:740][  0]LogConfig: Setting CVar [[r.DOF.Scatter.BackgroundCompositing:2    ; additive background scattering]]
[2020.01.31-18.47.21:740][  0]LogConfig: Setting CVar [[r.DOF.Scatter.EnableBokehSettings:1      ; bokeh simulation when scattering]]
[2020.01.31-18.47.21:740][  0]LogConfig: Setting CVar [[r.DOF.Scatter.MaxSpriteRatio:0.1         ; only a maximum of 10% of scattered bokeh]]
[2020.01.31-18.47.21:740][  0]LogConfig: Setting CVar [[r.DOF.Recombine.Quality:1                ; cheap slight out of focus]]
[2020.01.31-18.47.21:740][  0]LogConfig: Setting CVar [[r.DOF.Recombine.EnableBokehSettings:0    ; no bokeh simulation on slight out of focus]]
[2020.01.31-18.47.21:740][  0]LogConfig: Setting CVar [[r.DOF.TemporalAAQuality:1                ; more stable temporal accumulation]]
[2020.01.31-18.47.21:740][  0]LogConfig: Setting CVar [[r.DOF.Kernel.MaxForegroundRadius:0.025]]
[2020.01.31-18.47.21:740][  0]LogConfig: Setting CVar [[r.DOF.Kernel.MaxBackgroundRadius:0.025]]
[2020.01.31-18.47.21:740][  0]LogConfig: Applying CVar settings from Section [TextureQuality@3] File [C:/Users/IanStJohn/Documents/GitHub/Nite-Of-The-Living-Dead/NiteOfTheLivingDead/NiteOfTheLivingDead/Saved/Config/Windows/Scalability.ini]
[2020.01.31-18.47.21:740][  0]LogConfig: Setting CVar [[r.Streaming.MipBias:0]]
[2020.01.31-18.47.21:740][  0]LogConfig: Setting CVar [[r.Streaming.AmortizeCPUToGPUCopy:0]]
[2020.01.31-18.47.21:740][  0]LogConfig: Setting CVar [[r.Streaming.MaxNumTexturesToStreamPerFrame:0]]
[2020.01.31-18.47.21:740][  0]LogConfig: Setting CVar [[r.Streaming.Boost:1]]
[2020.01.31-18.47.21:740][  0]LogConfig: Setting CVar [[r.MaxAnisotropy:8]]
[2020.01.31-18.47.21:740][  0]LogConfig: Setting CVar [[r.Streaming.LimitPoolSizeToVRAM:0]]
[2020.01.31-18.47.21:740][  0]LogConfig: Setting CVar [[r.Streaming.PoolSize:1000]]
[2020.01.31-18.47.21:740][  0]LogConfig: Setting CVar [[r.Streaming.MaxEffectiveScreenSize:0]]
[2020.01.31-18.47.21:740][  0]LogConfig: Applying CVar settings from Section [EffectsQuality@3] File [C:/Users/IanStJohn/Documents/GitHub/Nite-Of-The-Living-Dead/NiteOfTheLivingDead/NiteOfTheLivingDead/Saved/Config/Windows/Scalability.ini]
[2020.01.31-18.47.21:740][  0]LogConfig: Setting CVar [[r.TranslucencyLightingVolumeDim:64]]
[2020.01.31-18.47.21:740][  0]LogConfig: Setting CVar [[r.RefractionQuality:2]]
[2020.01.31-18.47.21:740][  0]LogConfig: Setting CVar [[r.SSR.Quality:3]]
[2020.01.31-18.47.21:740][  0]LogConfig: Setting CVar [[r.SceneColorFormat:4]]
[2020.01.31-18.47.21:740][  0]LogConfig: Setting CVar [[r.DetailMode:2]]
[2020.01.31-18.47.21:740][  0]LogConfig: Setting CVar [[r.TranslucencyVolumeBlur:1]]
[2020.01.31-18.47.21:740][  0]LogConfig: Setting CVar [[r.MaterialQualityLevel:1 ; High quality]]
[2020.01.31-18.47.21:740][  0]LogConfig: Setting CVar [[r.SSS.Scale:1]]
[2020.01.31-18.47.21:740][  0]LogConfig: Setting CVar [[r.SSS.SampleSet:2]]
[2020.01.31-18.47.21:740][  0]LogConfig: Setting CVar [[r.SSS.Quality:1]]
[2020.01.31-18.47.21:740][  0]LogConfig: Setting CVar [[r.SSS.HalfRes:1]]
[2020.01.31-18.47.21:740][  0]LogConfig: Setting CVar [[r.EmitterSpawnRateScale:1.0]]
[2020.01.31-18.47.21:740][  0]LogConfig: Setting CVar [[r.ParticleLightQuality:2]]
[2020.01.31-18.47.21:740][  0]LogConfig: Applying CVar settings from Section [FoliageQuality@3] File [C:/Users/IanStJohn/Documents/GitHub/Nite-Of-The-Living-Dead/NiteOfTheLivingDead/NiteOfTheLivingDead/Saved/Config/Windows/Scalability.ini]
[2020.01.31-18.47.21:740][  0]LogConfig: Setting CVar [[foliage.DensityScale:1.0]]
[2020.01.31-18.47.21:740][  0]LogConfig: Setting CVar [[grass.DensityScale:1.0]]
[2020.01.31-18.47.21:740][  0]LogInit: Selected Device Profile: [Windows]
[2020.01.31-18.47.21:740][  0]LogInit: Applying CVar settings loaded from the selected device profile: [Windows]
[2020.01.31-18.47.21:744][  0]LogHAL: Display: Platform has ~ 8 GB [8399994880 / 8589934592 / 8], which maps to Default [LargestMinGB=32, LargerMinGB=12, DefaultMinGB=8, SmallerMinGB=6, SmallestMinGB=0)
[2020.01.31-18.47.21:744][  0]LogInit: Going up to parent DeviceProfile []
[2020.01.31-18.47.21:744][  0]LogConfig: Applying CVar settings from Section [ViewDistanceQuality@3] File [C:/Users/IanStJohn/Documents/GitHub/Nite-Of-The-Living-Dead/NiteOfTheLivingDead/NiteOfTheLivingDead/Saved/Config/Windows/Scalability.ini]
[2020.01.31-18.47.21:744][  0]LogConfig: Setting CVar [[r.SkeletalMeshLODBias:0]]
[2020.01.31-18.47.21:744][  0]LogConfig: Setting CVar [[r.ViewDistanceScale:1.0]]
[2020.01.31-18.47.21:744][  0]LogConfig: Applying CVar settings from Section [AntiAliasingQuality@3] File [C:/Users/IanStJohn/Documents/GitHub/Nite-Of-The-Living-Dead/NiteOfTheLivingDead/NiteOfTheLivingDead/Saved/Config/Windows/Scalability.ini]
[2020.01.31-18.47.21:744][  0]LogConfig: Setting CVar [[r.PostProcessAAQuality:4]]
[2020.01.31-18.47.21:744][  0]LogConfig: Applying CVar settings from Section [ShadowQuality@3] File [C:/Users/IanStJohn/Documents/GitHub/Nite-Of-The-Living-Dead/NiteOfTheLivingDead/NiteOfTheLivingDead/Saved/Config/Windows/Scalability.ini]
[2020.01.31-18.47.21:744][  0]LogConfig: Setting CVar [[r.LightFunctionQuality:1]]
[2020.01.31-18.47.21:744][  0]LogConfig: Setting CVar [[r.ShadowQuality:5]]
[2020.01.31-18.47.21:744][  0]LogConfig: Setting CVar [[r.Shadow.CSM.MaxCascades:10]]
[2020.01.31-18.47.21:744][  0]LogConfig: Setting CVar [[r.Shadow.MaxResolution:2048]]
[2020.01.31-18.47.21:744][  0]LogConfig: Setting CVar [[r.Shadow.MaxCSMResolution:2048]]
[2020.01.31-18.47.21:744][  0]LogConfig: Setting CVar [[r.Shadow.RadiusThreshold:0.01]]
[2020.01.31-18.47.21:744][  0]LogConfig: Setting CVar [[r.Shadow.DistanceScale:1.0]]
[2020.01.31-18.47.21:744][  0]LogConfig: Setting CVar [[r.Shadow.CSM.TransitionScale:1.0]]
[2020.01.31-18.47.21:744][  0]LogConfig: Setting CVar [[r.Shadow.PreShadowResolutionFactor:1.0]]
[2020.01.31-18.47.21:744][  0]LogConfig: Setting CVar [[r.DistanceFieldShadowing:1]]
[2020.01.31-18.47.21:744][  0]LogConfig: Setting CVar [[r.DistanceFieldAO:1]]
[2020.01.31-18.47.21:744][  0]LogConfig: Setting CVar [[r.AOQuality:2]]
[2020.01.31-18.47.21:744][  0]LogConfig: Setting CVar [[r.VolumetricFog:1]]
[2020.01.31-18.47.21:744][  0]LogConfig: Setting CVar [[r.VolumetricFog.GridPixelSize:8]]
[2020.01.31-18.47.21:744][  0]LogConfig: Setting CVar [[r.VolumetricFog.GridSizeZ:128]]
[2020.01.31-18.47.21:744][  0]LogConfig: Setting CVar [[r.VolumetricFog.HistoryMissSupersampleCount:4]]
[2020.01.31-18.47.21:744][  0]LogConfig: Setting CVar [[r.LightMaxDrawDistanceScale:1]]
[2020.01.31-18.47.21:744][  0]LogConfig: Setting CVar [[r.CapsuleShadows:1]]
[2020.01.31-18.47.21:744][  0]LogConfig: Applying CVar settings from Section [PostProcessQuality@3] File [C:/Users/IanStJohn/Documents/GitHub/Nite-Of-The-Living-Dead/NiteOfTheLivingDead/NiteOfTheLivingDead/Saved/Config/Windows/Scalability.ini]
[2020.01.31-18.47.21:744][  0]LogConfig: Setting CVar [[r.MotionBlurQuality:4]]
[2020.01.31-18.47.21:744][  0]LogConfig: Setting CVar [[r.AmbientOcclusionMipLevelFactor:0.4]]
[2020.01.31-18.47.21:744][  0]LogConfig: Setting CVar [[r.AmbientOcclusionMaxQuality:100]]
[2020.01.31-18.47.21:744][  0]LogConfig: Setting CVar [[r.AmbientOcclusionLevels:-1]]
[2020.01.31-18.47.21:744][  0]LogConfig: Setting CVar [[r.AmbientOcclusionRadiusScale:1.0]]
[2020.01.31-18.47.21:744][  0]LogConfig: Setting CVar [[r.DepthOfFieldQuality:2]]
[2020.01.31-18.47.21:744][  0]LogConfig: Setting CVar [[r.RenderTargetPoolMin:400]]
[2020.01.31-18.47.21:744][  0]LogConfig: Setting CVar [[r.LensFlareQuality:2]]
[2020.01.31-18.47.21:744][  0]LogConfig: Setting CVar [[r.SceneColorFringeQuality:1]]
[2020.01.31-18.47.21:744][  0]LogConfig: Setting CVar [[r.EyeAdaptationQuality:2]]
[2020.01.31-18.47.21:744][  0]LogConfig: Setting CVar [[r.BloomQuality:5]]
[2020.01.31-18.47.21:744][  0]LogConfig: Setting CVar [[r.FastBlurThreshold:100]]
[2020.01.31-18.47.21:744][  0]LogConfig: Setting CVar [[r.Upscale.Quality:3]]
[2020.01.31-18.47.21:744][  0]LogConfig: Setting CVar [[r.Tonemapper.GrainQuantization:1]]
[2020.01.31-18.47.21:744][  0]LogConfig: Setting CVar [[r.LightShaftQuality:1]]
[2020.01.31-18.47.21:744][  0]LogConfig: Setting CVar [[r.Filter.SizeScale:1]]
[2020.01.31-18.47.21:744][  0]LogConfig: Setting CVar [[r.Tonemapper.Quality:5]]
[2020.01.31-18.47.21:744][  0]LogConfig: Setting CVar [[r.DOF.Gather.AccumulatorQuality:1        ; higher gathering accumulator quality]]
[2020.01.31-18.47.21:744][  0]LogConfig: Setting CVar [[r.DOF.Gather.PostfilterMethod:1          ; Median3x3 postfilering method]]
[2020.01.31-18.47.21:744][  0]LogConfig: Setting CVar [[r.DOF.Gather.EnableBokehSettings:0       ; no bokeh simulation when gathering]]
[2020.01.31-18.47.21:744][  0]LogConfig: Setting CVar [[r.DOF.Gather.RingCount:4                 ; medium number of samples when gathering]]
[2020.01.31-18.47.21:744][  0]LogConfig: Setting CVar [[r.DOF.Scatter.ForegroundCompositing:1    ; additive foreground scattering]]
[2020.01.31-18.47.21:744][  0]LogConfig: Setting CVar [[r.DOF.Scatter.BackgroundCompositing:2    ; additive background scattering]]
[2020.01.31-18.47.21:744][  0]LogConfig: Setting CVar [[r.DOF.Scatter.EnableBokehSettings:1      ; bokeh simulation when scattering]]
[2020.01.31-18.47.21:745][  0]LogConfig: Setting CVar [[r.DOF.Scatter.MaxSpriteRatio:0.1         ; only a maximum of 10% of scattered bokeh]]
[2020.01.31-18.47.21:745][  0]LogConfig: Setting CVar [[r.DOF.Recombine.Quality:1                ; cheap slight out of focus]]
[2020.01.31-18.47.21:745][  0]LogConfig: Setting CVar [[r.DOF.Recombine.EnableBokehSettings:0    ; no bokeh simulation on slight out of focus]]
[2020.01.31-18.47.21:745][  0]LogConfig: Setting CVar [[r.DOF.TemporalAAQuality:1                ; more stable temporal accumulation]]
[2020.01.31-18.47.21:745][  0]LogConfig: Setting CVar [[r.DOF.Kernel.MaxForegroundRadius:0.025]]
[2020.01.31-18.47.21:745][  0]LogConfig: Setting CVar [[r.DOF.Kernel.MaxBackgroundRadius:0.025]]
[2020.01.31-18.47.21:745][  0]LogConfig: Applying CVar settings from Section [TextureQuality@3] File [C:/Users/IanStJohn/Documents/GitHub/Nite-Of-The-Living-Dead/NiteOfTheLivingDead/NiteOfTheLivingDead/Saved/Config/Windows/Scalability.ini]
[2020.01.31-18.47.21:745][  0]LogConfig: Setting CVar [[r.Streaming.MipBias:0]]
[2020.01.31-18.47.21:745][  0]LogConfig: Setting CVar [[r.Streaming.AmortizeCPUToGPUCopy:0]]
[2020.01.31-18.47.21:745][  0]LogConfig: Setting CVar [[r.Streaming.MaxNumTexturesToStreamPerFrame:0]]
[2020.01.31-18.47.21:745][  0]LogConfig: Setting CVar [[r.Streaming.Boost:1]]
[2020.01.31-18.47.21:745][  0]LogConfig: Setting CVar [[r.MaxAnisotropy:8]]
[2020.01.31-18.47.21:745][  0]LogConfig: Setting CVar [[r.Streaming.LimitPoolSizeToVRAM:0]]
[2020.01.31-18.47.21:745][  0]LogConfig: Setting CVar [[r.Streaming.PoolSize:1000]]
[2020.01.31-18.47.21:745][  0]LogConfig: Setting CVar [[r.Streaming.MaxEffectiveScreenSize:0]]
[2020.01.31-18.47.21:745][  0]LogConfig: Applying CVar settings from Section [EffectsQuality@3] File [C:/Users/IanStJohn/Documents/GitHub/Nite-Of-The-Living-Dead/NiteOfTheLivingDead/NiteOfTheLivingDead/Saved/Config/Windows/Scalability.ini]
[2020.01.31-18.47.21:745][  0]LogConfig: Setting CVar [[r.TranslucencyLightingVolumeDim:64]]
[2020.01.31-18.47.21:745][  0]LogConfig: Setting CVar [[r.RefractionQuality:2]]
[2020.01.31-18.47.21:745][  0]LogConfig: Setting CVar [[r.SSR.Quality:3]]
[2020.01.31-18.47.21:745][  0]LogConfig: Setting CVar [[r.SceneColorFormat:4]]
[2020.01.31-18.47.21:745][  0]LogConfig: Setting CVar [[r.DetailMode:2]]
[2020.01.31-18.47.21:745][  0]LogConfig: Setting CVar [[r.TranslucencyVolumeBlur:1]]
[2020.01.31-18.47.21:745][  0]LogConfig: Setting CVar [[r.MaterialQualityLevel:1 ; High quality]]
[2020.01.31-18.47.21:745][  0]LogConfig: Setting CVar [[r.SSS.Scale:1]]
[2020.01.31-18.47.21:745][  0]LogConfig: Setting CVar [[r.SSS.SampleSet:2]]
[2020.01.31-18.47.21:745][  0]LogConfig: Setting CVar [[r.SSS.Quality:1]]
[2020.01.31-18.47.21:745][  0]LogConfig: Setting CVar [[r.SSS.HalfRes:1]]
[2020.01.31-18.47.21:745][  0]LogConfig: Setting CVar [[r.EmitterSpawnRateScale:1.0]]
[2020.01.31-18.47.21:745][  0]LogConfig: Setting CVar [[r.ParticleLightQuality:2]]
[2020.01.31-18.47.21:745][  0]LogConfig: Applying CVar settings from Section [FoliageQuality@3] File [C:/Users/IanStJohn/Documents/GitHub/Nite-Of-The-Living-Dead/NiteOfTheLivingDead/NiteOfTheLivingDead/Saved/Config/Windows/Scalability.ini]
[2020.01.31-18.47.21:745][  0]LogConfig: Setting CVar [[foliage.DensityScale:1.0]]
[2020.01.31-18.47.21:745][  0]LogConfig: Setting CVar [[grass.DensityScale:1.0]]
[2020.01.31-18.47.21:745][  0]LogConfig: Applying CVar settings from Section [Startup] File [../../../Engine/Config/ConsoleVariables.ini]
[2020.01.31-18.47.21:745][  0]LogConfig: Setting CVar [[net.UseAdaptiveNetUpdateFrequency:0]]
[2020.01.31-18.47.21:745][  0]LogConfig: Setting CVar [[p.chaos.AllowCreatePhysxBodies:1]]
[2020.01.31-18.47.21:745][  0]LogConfig: Applying CVar settings from Section [ConsoleVariables] File [C:/Users/IanStJohn/Documents/GitHub/Nite-Of-The-Living-Dead/NiteOfTheLivingDead/NiteOfTheLivingDead/Saved/Config/Windows/Engine.ini]
[2020.01.31-18.47.21:745][  0]LogInit: Computer: BA-PK1216R
[2020.01.31-18.47.21:745][  0]LogInit: User: IanStJohn
[2020.01.31-18.47.21:745][  0]LogInit: CPU Page size=4096, Cores=2
[2020.01.31-18.47.21:745][  0]LogInit: High frequency timer resolution =10.000000 MHz
[2020.01.31-18.47.21:746][  0]LogMemory: Memory total: Physical=7.8GB (8GB approx)
[2020.01.31-18.47.21:746][  0]LogMemory: Platform Memory Stats for Windows
[2020.01.31-18.47.21:746][  0]LogMemory: Process Physical Memory: 100.44 MB used, 100.44 MB peak
[2020.01.31-18.47.21:746][  0]LogMemory: Process Virtual Memory: 87.78 MB used, 87.78 MB peak
[2020.01.31-18.47.21:746][  0]LogMemory: Physical Memory: 4480.95 MB used,  3529.91 MB free, 8010.86 MB total
[2020.01.31-18.47.21:746][  0]LogMemory: Virtual Memory: 4639.56 MB used,  134213088.00 MB free, 134217728.00 MB total
[2020.01.31-18.47.21:748][  0]LogWindows: WindowsPlatformFeatures enabled
[2020.01.31-18.47.21:770][  0]LogInit: Using OS detected language (en-US).
[2020.01.31-18.47.21:771][  0]LogInit: Using OS detected locale (en-US).
[2020.01.31-18.47.21:771][  0]LogTextLocalizationManager: No specific localization for 'en-US' exists, so the 'en' localization will be used.
[2020.01.31-18.47.22:063][  0]LogInit: Setting process to per monitor DPI aware
[2020.01.31-18.47.22:104][  0]LogSlate: New Slate User Created.  User Index 0, Is Virtual User: 0
[2020.01.31-18.47.22:104][  0]LogSlate: Slate User Registered.  User Index 0, Is Virtual User: 0
[2020.01.31-18.47.22:418][  0]LogHMD: Failed to initialize OpenVR with code 110
[2020.01.31-18.47.22:418][  0]LogD3D11RHI: D3D11 adapters:
[2020.01.31-18.47.22:493][  0]LogD3D11RHI:    0. 'NVIDIA NVS 5400M' (Feature Level 11_0)
[2020.01.31-18.47.22:493][  0]LogD3D11RHI:       979/0/4005 MB DedicatedVideo/DedicatedSystem/SharedSystem, Outputs:1, VendorId:0x10de
[2020.01.31-18.47.22:500][  0]LogD3D11RHI:    1. 'Intel(R) HD Graphics 4000' (Feature Level 11_0)
[2020.01.31-18.47.22:500][  0]LogD3D11RHI:       32/0/1760 MB DedicatedVideo/DedicatedSystem/SharedSystem, Outputs:0, VendorId:0x8086
[2020.01.31-18.47.22:503][  0]LogD3D11RHI:    2. 'Microsoft Basic Render Driver' (Feature Level 11_0)
[2020.01.31-18.47.22:503][  0]LogD3D11RHI:       0/0/4005 MB DedicatedVideo/DedicatedSystem/SharedSystem, Outputs:0, VendorId:0x1414
[2020.01.31-18.47.22:503][  0]LogD3D11RHI: Chosen D3D11 Adapter: 0
[2020.01.31-18.47.22:535][  0]LogD3D11RHI: Creating new Direct3DDevice
[2020.01.31-18.47.22:536][  0]LogD3D11RHI:     GPU DeviceId: 0xdef (for the marketing name, search the web for "GPU Device Id")
[2020.01.31-18.47.22:536][  0]LogWindows: EnumDisplayDevices:
[2020.01.31-18.47.22:536][  0]LogWindows:    0. 'Intel(R) HD Graphics 4000' (P:1 D:1)
[2020.01.31-18.47.22:537][  0]LogWindows:    1. 'Intel(R) HD Graphics 4000' (P:0 D:0)
[2020.01.31-18.47.22:538][  0]LogWindows:    2. 'Intel(R) HD Graphics 4000' (P:0 D:0)
[2020.01.31-18.47.22:538][  0]LogWindows:    3. 'NVIDIA NVS 5400M' (P:0 D:0)
[2020.01.31-18.47.22:539][  0]LogWindows:    4. 'NVIDIA NVS 5400M' (P:0 D:0)
[2020.01.31-18.47.22:539][  0]LogWindows: DebugString: PrimaryIsNotTheChoosenAdapter PrimaryIsNotTheChoosenAdapter PrimaryIsNotTheChoosenAdapter FoundDriverCount:2 
[2020.01.31-18.47.22:539][  0]LogD3D11RHI:     Adapter Name: NVIDIA NVS 5400M
[2020.01.31-18.47.22:539][  0]LogD3D11RHI:   Driver Version: 389.08 (internal:23.21.13.8908, unified:389.08)
[2020.01.31-18.47.22:540][  0]LogD3D11RHI:      Driver Date: 2-27-2018
[2020.01.31-18.47.22:540][  0]LogRHI: Texture pool is 685 MB (70% of 979 MB)
[2020.01.31-18.47.22:605][  0]LogD3D11RHI: Display: Timestamp queries are currently disabled on this hardware due to instability. Realtime GPU stats will not be available. You can override this behaviour by setting r.NVIDIATimestampWorkaround to 0
[2020.01.31-18.47.22:605][  0]LogD3D11RHI: Async texture creation enabled
[2020.01.31-18.47.22:622][  0]LogD3D11RHI: GPU Timing Frequency: 1000.000000 (Debug: 2 1)
[2020.01.31-18.47.23:003][  0]LogTemp: Display: Module 'AllDesktopTargetPlatform' loaded TargetPlatform 'AllDesktop'
[2020.01.31-18.47.23:016][  0]LogTemp: Display: Module 'MacClientTargetPlatform' loaded TargetPlatform 'MacClient'
[2020.01.31-18.47.23:027][  0]LogTemp: Display: Module 'MacNoEditorTargetPlatform' loaded TargetPlatform 'MacNoEditor'
[2020.01.31-18.47.23:041][  0]LogTemp: Display: Module 'MacServerTargetPlatform' loaded TargetPlatform 'MacServer'
[2020.01.31-18.47.23:053][  0]LogTemp: Display: Module 'MacTargetPlatform' loaded TargetPlatform 'Mac'
[2020.01.31-18.47.23:064][  0]LogTemp: Display: Module 'WindowsClientTargetPlatform' loaded TargetPlatform 'WindowsClient'
[2020.01.31-18.47.23:075][  0]LogTemp: Display: Module 'WindowsNoEditorTargetPlatform' loaded TargetPlatform 'WindowsNoEditor'
[2020.01.31-18.47.23:086][  0]LogTemp: Display: Module 'WindowsServerTargetPlatform' loaded TargetPlatform 'WindowsServer'
[2020.01.31-18.47.23:091][  0]LogTemp: Display: Module 'WindowsTargetPlatform' loaded TargetPlatform 'Windows'
[2020.01.31-18.47.23:128][  0]LogTemp: Display: Module 'AndroidTargetPlatform' loaded TargetPlatform 'Android'
[2020.01.31-18.47.23:128][  0]LogTemp: Display: Module 'AndroidTargetPlatform' loaded TargetPlatform 'Android_ASTC'
[2020.01.31-18.47.23:128][  0]LogTemp: Display: Module 'AndroidTargetPlatform' loaded TargetPlatform 'Android_ATC'
[2020.01.31-18.47.23:128][  0]LogTemp: Display: Module 'AndroidTargetPlatform' loaded TargetPlatform 'Android_DXT'
[2020.01.31-18.47.23:128][  0]LogTemp: Display: Module 'AndroidTargetPlatform' loaded TargetPlatform 'Android_ETC1'
[2020.01.31-18.47.23:128][  0]LogTemp: Display: Module 'AndroidTargetPlatform' loaded TargetPlatform 'Android_ETC1a'
[2020.01.31-18.47.23:128][  0]LogTemp: Display: Module 'AndroidTargetPlatform' loaded TargetPlatform 'Android_ETC2'
[2020.01.31-18.47.23:128][  0]LogTemp: Display: Module 'AndroidTargetPlatform' loaded TargetPlatform 'Android_PVRTC'
[2020.01.31-18.47.23:128][  0]LogTemp: Display: Module 'AndroidTargetPlatform' loaded TargetPlatform 'AndroidClient'
[2020.01.31-18.47.23:128][  0]LogTemp: Display: Module 'AndroidTargetPlatform' loaded TargetPlatform 'Android_ASTCClient'
[2020.01.31-18.47.23:128][  0]LogTemp: Display: Module 'AndroidTargetPlatform' loaded TargetPlatform 'Android_ATCClient'
[2020.01.31-18.47.23:128][  0]LogTemp: Display: Module 'AndroidTargetPlatform' loaded TargetPlatform 'Android_DXTClient'
[2020.01.31-18.47.23:128][  0]LogTemp: Display: Module 'AndroidTargetPlatform' loaded TargetPlatform 'Android_ETC1Client'
[2020.01.31-18.47.23:128][  0]LogTemp: Display: Module 'AndroidTargetPlatform' loaded TargetPlatform 'Android_ETC1aClient'
[2020.01.31-18.47.23:128][  0]LogTemp: Display: Module 'AndroidTargetPlatform' loaded TargetPlatform 'Android_ETC2Client'
[2020.01.31-18.47.23:128][  0]LogTemp: Display: Module 'AndroidTargetPlatform' loaded TargetPlatform 'Android_PVRTCClient'
[2020.01.31-18.47.23:128][  0]LogTemp: Display: Module 'AndroidTargetPlatform' loaded TargetPlatform 'Android_Multi'
[2020.01.31-18.47.23:128][  0]LogTemp: Display: Module 'AndroidTargetPlatform' loaded TargetPlatform 'Android_MultiClient'
[2020.01.31-18.47.23:130][  0]LogTemp: Display: Module 'HTML5TargetPlatform' loaded TargetPlatform 'HTML5'
[2020.01.31-18.47.23:151][  0]LogTemp: Display: Module 'IOSTargetPlatform' loaded TargetPlatform 'IOSClient'
[2020.01.31-18.47.23:151][  0]LogTemp: Display: Module 'IOSTargetPlatform' loaded TargetPlatform 'IOS'
[2020.01.31-18.47.23:167][  0]LogTemp: Display: Module 'TVOSTargetPlatform' loaded TargetPlatform 'TVOSClient'
[2020.01.31-18.47.23:167][  0]LogTemp: Display: Module 'TVOSTargetPlatform' loaded TargetPlatform 'TVOS'
[2020.01.31-18.47.23:176][  0]LogTemp: Display: Module 'LinuxClientTargetPlatform' loaded TargetPlatform 'LinuxClient'
[2020.01.31-18.47.23:184][  0]LogTemp: Display: Module 'LinuxNoEditorTargetPlatform' loaded TargetPlatform 'LinuxNoEditor'
[2020.01.31-18.47.23:192][  0]LogTemp: Display: Module 'LinuxServerTargetPlatform' loaded TargetPlatform 'LinuxServer'
[2020.01.31-18.47.23:202][  0]LogTemp: Display: Module 'LinuxTargetPlatform' loaded TargetPlatform 'Linux'
[2020.01.31-18.47.23:230][  0]LogTemp: Display: Module 'LuminTargetPlatform' loaded TargetPlatform 'Lumin'
[2020.01.31-18.47.23:231][  0]LogTemp: Display: Module 'LuminTargetPlatform' loaded TargetPlatform 'LuminClient'
[2020.01.31-18.47.23:231][  0]LogTargetPlatformManager: Display: Building Assets For Windows
[2020.01.31-18.47.23:242][  0]LogAudioDebug: Display: Lib vorbis DLL was dynamically loaded.
[2020.01.31-18.47.23:303][  0]LogShaderCompilers: Guid format shader working directory is -59 characters bigger than the processId version (../../../../Users/IanStJohn/Documents/GitHub/Nite-Of-The-Living-Dead/NiteOfTheLivingDead/NiteOfTheLivingDead/Intermediate/Shaders/WorkingDirectory/18096/).
[2020.01.31-18.47.23:304][  0]LogShaderCompilers: Cleaned the shader compiler working directory 'C:/Users/IanStJohn/AppData/Local/Temp/UnrealShaderWorkingDir/4EE826B646318BC8B44063B7B1CA3491/'.
[2020.01.31-18.47.23:307][  0]LogXGEController: Cannot use XGE Controller as Incredibuild is not installed on this machine.
[2020.01.31-18.47.23:307][  0]LogShaderCompilers: Cannot use XGE Shader Compiler as Incredibuild is not installed on this machine.
[2020.01.31-18.47.23:307][  0]LogShaderCompilers: Display: Using Local Shader Compiler.
[2020.01.31-18.47.24:007][  0]LogDerivedDataCache: Display: Max Cache Size: 512 MB
[2020.01.31-18.47.24:075][  0]LogDerivedDataCache: Loaded boot cache 0.07s 73MB C:/Users/IanStJohn/AppData/Local/UnrealEngine/4.23/DerivedDataCache/Boot.ddc.
[2020.01.31-18.47.24:075][  0]LogDerivedDataCache: Display: Loaded Boot cache: C:/Users/IanStJohn/AppData/Local/UnrealEngine/4.23/DerivedDataCache/Boot.ddc
[2020.01.31-18.47.24:075][  0]LogDerivedDataCache: FDerivedDataBackendGraph:  Pak pak cache file ../../../../Users/IanStJohn/Documents/GitHub/Nite-Of-The-Living-Dead/NiteOfTheLivingDead/NiteOfTheLivingDead/DerivedDataCache/DDC.ddp not found, will not use a pak cache.
[2020.01.31-18.47.24:075][  0]LogDerivedDataCache: Unable to find inner node Pak for hierarchical cache Hierarchy.
[2020.01.31-18.47.24:075][  0]LogDerivedDataCache: FDerivedDataBackendGraph:  CompressedPak pak cache file ../../../../Users/IanStJohn/Documents/GitHub/Nite-Of-The-Living-Dead/NiteOfTheLivingDead/NiteOfTheLivingDead/DerivedDataCache/Compressed.ddp not found, will not use a pak cache.
[2020.01.31-18.47.24:075][  0]LogDerivedDataCache: Unable to find inner node CompressedPak for hierarchical cache Hierarchy.
[2020.01.31-18.47.24:087][  0]LogDerivedDataCache: Display: Pak cache opened for reading ../../../Engine/DerivedDataCache/Compressed.ddp.
[2020.01.31-18.47.24:087][  0]LogDerivedDataCache: FDerivedDataBackendGraph:  EnterprisePak pak cache file ../../../Enterprise/DerivedDataCache/Compressed.ddp not found, will not use a pak cache.
[2020.01.31-18.47.24:087][  0]LogDerivedDataCache: Unable to find inner node EnterprisePak for hierarchical cache Hierarchy.
[2020.01.31-18.47.24:089][  0]LogDerivedDataCache: Using Local data cache path C:/Users/IanStJohn/AppData/Local/UnrealEngine/Common/DerivedDataCache: Writable
[2020.01.31-18.47.24:089][  0]LogDerivedDataCache: Shared data cache path not found in *engine.ini, will not use an Shared cache.
[2020.01.31-18.47.24:089][  0]LogDerivedDataCache: Unable to find inner node Shared for hierarchical cache Hierarchy.
[2020.01.31-18.47.24:116][  0]LogMaterial: Verifying Global Shaders for PCD3D_SM5
[2020.01.31-18.47.24:119][  0]LogSlate: Using FreeType 2.6.0
[2020.01.31-18.47.24:120][  0]LogSlate: SlateFontServices - WITH_FREETYPE: 1, WITH_HARFBUZZ: 1
[2020.01.31-18.47.24:181][  0]LogAssetRegistry: FAssetRegistry took 0.0026 seconds to start up
[2020.01.31-18.47.24:565][  0]LogInit: Selected Device Profile: [Windows]
[2020.01.31-18.47.24:623][  0]LogMeshReduction: Using QuadricMeshReduction for automatic static mesh reduction
[2020.01.31-18.47.24:623][  0]LogMeshReduction: Using SimplygonMeshReduction for automatic skeletal mesh reduction
[2020.01.31-18.47.24:623][  0]LogMeshReduction: Using ProxyLODMeshReduction for automatic mesh merging
[2020.01.31-18.47.24:623][  0]LogMeshReduction: No distributed automatic mesh merging module available
[2020.01.31-18.47.24:623][  0]LogMeshMerging: No distributed automatic mesh merging module available
[2020.01.31-18.47.24:759][  0]LogNetVersion: NiteOfTheLivingDead 1.0.0, NetCL: 8386587, EngineNetVer: 11, GameNetVer: 0 (Checksum: 3089816996)
[2020.01.31-18.47.25:268][  0]LogPackageLocalizationCache: Processed 12 localized package path(s) for 1 prioritized culture(s) in 0.069987 seconds
[2020.01.31-18.47.25:276][  0]LogUObjectArray: 43444 objects as part of root set at end of initial load.
[2020.01.31-18.47.25:276][  0]LogUObjectAllocator: 7548648 out of 0 bytes used by permanent object pool.
[2020.01.31-18.47.25:276][  0]LogUObjectArray: CloseDisregardForGC: 0/0 objects in disregard for GC pool
[2020.01.31-18.47.26:217][  0]LogTcpMessaging: Initializing TcpMessaging bridge
[2020.01.31-18.47.26:220][  0]LogUdpMessaging: Initializing bridge on interface 0.0.0.0:0 to multicast group 230.0.0.1:6666.
[2020.01.31-18.47.26:281][  0]SourceControl: Source control is disabled
[2020.01.31-18.47.26:281][  0]SourceControl: Source control is disabled
[2020.01.31-18.47.26:283][  0]SourceControl: Source control is disabled
[2020.01.31-18.47.26:284][  0]SourceControl: Source control is disabled
[2020.01.31-18.47.26:383][  0]LogAndroidPermission: UAndroidPermissionCallbackProxy::GetInstance
[2020.01.31-18.47.26:488][  0]LogOcInput: OculusInput pre-init called
[2020.01.31-18.47.26:496][  0]LogWindows: Failed to load 'OVRPlugin.dll' (GetLastError=126)
[2020.01.31-18.47.26:496][  0]LogWindows: File 'OVRPlugin.dll' does not exist
[2020.01.31-18.47.26:580][  0]LogEngine: Initializing Engine...
[2020.01.31-18.47.26:581][  0]LogHMD: Failed to initialize OpenVR with code 110
[2020.01.31-18.47.26:582][  0]LogStats: UGameplayTagsManager::InitializeManager -  0.000 s
[2020.01.31-18.47.26:855][  0]LogInit: Initializing FReadOnlyCVARCache
[2020.01.31-18.47.26:884][  0]LogAIModule: Creating AISystem for world Untitled
[2020.01.31-18.47.26:896][  0]LogInit: XAudio2 using 'Speaker/HP (Realtek High Definition Audio)' : 2 channels at 48 kHz using 32 bits per sample (channel mask 0x3)
[2020.01.31-18.47.26:947][  0]LogInit: FAudioDevice initialized.
[2020.01.31-18.47.26:947][  0]LogNetVersion: Set ProjectVersion to 1.0.0.0. Version Checksum will be recalculated on next use.
[2020.01.31-18.47.29:385][  0]LogDerivedDataCache: Saved boot cache 2.44s 73MB C:/Users/IanStJohn/AppData/Local/UnrealEngine/4.23/DerivedDataCache/Boot.ddc.
[2020.01.31-18.47.29:390][  0]LogInit: Texture streaming: Enabled
[2020.01.31-18.47.29:416][  0]LogEngineSessionManager: EngineSessionManager initialized
[2020.01.31-18.47.29:416][  0]LogEditorSessionSummary: Verbose: Initializing EditorSessionSummaryWriter for editor session tracking
[2020.01.31-18.47.29:417][  0]LogEditorSessionSummary: EditorSessionSummaryWriter initialized
[2020.01.31-18.47.29:512][  0]LogInit: Transaction tracking system initialized
[2020.01.31-18.47.29:565][  0]BlueprintLog: New page: Editor Load
[2020.01.31-18.47.29:663][  0]LocalizationService: Localization service is disabled
[2020.01.31-18.47.30:059][  0]LogFileCache: Scanning file cache for directory 'C:/Users/IanStJohn/Documents/GitHub/Nite-Of-The-Living-Dead/NiteOfTheLivingDead/NiteOfTheLivingDead/Content/' took 0.02s
[2020.01.31-18.47.30:059][  0]LogCook: Display: Max memory allowance for cook 16384mb min free memory 0mb
[2020.01.31-18.47.30:060][  0]LogCook: Display: Mobile HDR setting 1
[2020.01.31-18.47.30:310][  0]SourceControl: Source control is disabled
[2020.01.31-18.47.30:429][  0]LogSlate: Took 0.000252 seconds to synchronously load lazily loaded font '../../../Engine/Content/Slate/Fonts/Roboto-Regular.ttf' (155K)
[2020.01.31-18.47.49:135][  0]LogSlate: Window 'Restore Packages' being destroyed
[2020.01.31-18.47.49:136][  0]LogWindowsTextInputMethodSystem: Display: IME system now deactivated.
[2020.01.31-18.47.49:138][  0]LogWindowsTextInputMethodSystem: Display: IME system now deactivated.
[2020.01.31-18.47.49:145][  0]LightingResults: New page: Lighting Build
[2020.01.31-18.47.49:151][  0]LogWorld: UWorld::CleanupWorld for Untitled, bSessionEnded=true, bCleanupResources=true
[2020.01.31-18.47.49:152][  0]MapCheck: New page: Map Check
[2020.01.31-18.47.49:152][  0]LightingResults: New page: Lighting Build
[2020.01.31-18.47.49:186][  0]LogUObjectHash: Compacting FUObjectHashTables data took   3.69ms
[2020.01.31-18.47.50:866][  0]LogClass: Warning: Enum '/Game/InventorySystem/Blueprints/Inventory/EquipmentSlots.EquipmentSlots' was upgraded to use FText to store its display name data. Please re-save this asset to avoid issues with localization and determinstic cooking.
[2020.01.31-18.47.51:018][  0]LogClass: Warning: Enum '/Game/InventorySystem/Blueprints/Inventory/ItemQuality.ItemQuality' was upgraded to use FText to store its display name data. Please re-save this asset to avoid issues with localization and determinstic cooking.
[2020.01.31-18.47.51:112][  0]LogClass: Warning: Enum '/Game/InventorySystem/Blueprints/Inventory/EquipmentType.EquipmentType' was upgraded to use FText to store its display name data. Please re-save this asset to avoid issues with localization and determinstic cooking.
[2020.01.31-18.47.54:041][  0]LogClass: Warning: Enum '/Game/InventorySystem/Blueprints/Inventory/ItemType.ItemType' was upgraded to use FText to store its display name data. Please re-save this asset to avoid issues with localization and determinstic cooking.
[2020.01.31-18.47.54:251][  0]LogBlueprint: Warning: [Compiler InventoryManagerComponent] Add Torque : Usage of 'Add Torque' has been deprecated. Use AddTorqueInRadians instead
[2020.01.31-18.47.54:740][  0]LogLinker: Warning: While loading '../../../../Users/IanStJohn/Documents/GitHub/Nite-Of-The-Living-Dead/NiteOfTheLivingDead/NiteOfTheLivingDead/Content/ThirdPersonBP/Maps/ThirdPersonExampleMap.umap' failed to load '/Game/ThirdPersonBP/Maps/ThirdPersonExampleMap_BuiltData': Can't find file.
[2020.01.31-18.47.54:741][  0]LogLinker: Warning: While loading '../../../../Users/IanStJohn/Documents/GitHub/Nite-Of-The-Living-Dead/NiteOfTheLivingDead/NiteOfTheLivingDead/Content/ThirdPersonBP/Maps/ThirdPersonExampleMap.umap' failed to load '/Game/ThirdPersonBP/Maps/ThirdPersonExampleMap_BuiltData': Can't find file.
[2020.01.31-18.47.54:906][  0]LogLinker: Warning: While loading '../../../../Users/IanStJohn/Documents/GitHub/Nite-Of-The-Living-Dead/NiteOfTheLivingDead/NiteOfTheLivingDead/Content/ThirdPersonBP/Maps/ThirdPersonExampleMap.umap' failed to load '/Game/ThirdPersonBP/Maps/ThirdPersonExampleMap_BuiltData': Can't find file.
[2020.01.31-18.47.54:906][  0]LogLinker: Warning: While loading '../../../../Users/IanStJohn/Documents/GitHub/Nite-Of-The-Living-Dead/NiteOfTheLivingDead/NiteOfTheLivingDead/Content/ThirdPersonBP/Maps/ThirdPersonExampleMap.umap' failed to load '/Game/ThirdPersonBP/Maps/ThirdPersonExampleMap_BuiltData': Can't find file.
[2020.01.31-18.47.54:910][  0]LogLinker: Warning: Failed to load '/Game/ThirdPersonBP/Maps/ThirdPersonExampleMap_BuiltData': Can't find file.
[2020.01.31-18.47.54:911][  0]LogLinker: Warning: Failed to load '/Game/ThirdPersonBP/Maps/ThirdPersonExampleMap_BuiltData': Can't find file.
[2020.01.31-18.47.54:911][  0]LogLinker: Warning: Failed to load '/Game/ThirdPersonBP/Maps/ThirdPersonExampleMap_BuiltData': Can't find file.
[2020.01.31-18.47.54:911][  0]LogLinker: Warning: Failed to load '/Game/ThirdPersonBP/Maps/ThirdPersonExampleMap_BuiltData': Can't find file.
[2020.01.31-18.47.55:244][  0]LogLinker: Warning: While loading '../../../../Users/IanStJohn/Documents/GitHub/Nite-Of-The-Living-Dead/NiteOfTheLivingDead/NiteOfTheLivingDead/Content/ThirdPersonBP/Maps/ThirdPersonExampleMap.umap' failed to load '/Game/ThirdPersonBP/Maps/ThirdPersonExampleMap_BuiltData': Can't find file.
[2020.01.31-18.47.55:244][  0]LoadErrors: Failed to load /Game/ThirdPersonBP/Maps/ThirdPersonExampleMap_BuiltData.ThirdPersonExampleMap_BuiltData Referenced by PersistentLevel
[2020.01.31-18.47.55:244][  0]LogLinker: Warning: While loading '../../../../Users/IanStJohn/Documents/GitHub/Nite-Of-The-Living-Dead/NiteOfTheLivingDead/NiteOfTheLivingDead/Content/ThirdPersonBP/Maps/ThirdPersonExampleMap.umap' failed to load '/Game/ThirdPersonBP/Maps/ThirdPersonExampleMap_BuiltData': Can't find file.
[2020.01.31-18.47.55:245][  0]LoadErrors: Failed to load /Game/ThirdPersonBP/Maps/ThirdPersonExampleMap_BuiltData.ThirdPersonExampleMap_BuiltData Referenced by PersistentLevel
[2020.01.31-18.47.57:254][  0]LogClass: Warning: Enum '/Game/InventorySystem/Blueprints/Inventory/EquipmentSlotType.EquipmentSlotType' was upgraded to use FText to store its display name data. Please re-save this asset to avoid issues with localization and determinstic cooking.
[2020.01.31-18.48.02:841][  0]LogClass: Warning: Enum '/Game/InventorySystem/Blueprints/Demo/Classes.Classes' was upgraded to use FText to store its display name data. Please re-save this asset to avoid issues with localization and determinstic cooking.
[2020.01.31-18.48.03:125][  0]LogAIModule: Creating AISystem for world ThirdPersonExampleMap
[2020.01.31-18.48.03:140][  0]LogEditorServer: Finished looking for orphan Actors (0.000 secs)
[2020.01.31-18.48.03:239][  0]LogUObjectHash: Compacting FUObjectHashTables data took   5.87ms
[2020.01.31-18.48.03:240][  0]Cmd: MAP CHECKDEP NOCLEARLOG
[2020.01.31-18.48.03:241][  0]MapCheck: Map check complete: 0 Error(s), 0 Warning(s), took 1.317ms to complete.
[2020.01.31-18.48.03:242][  0]LogFileHelpers: Loading map 'ThirdPersonExampleMap' took 14.098
[2020.01.31-18.48.03:445][  0]LogSlate: Updating window title bar state: overlay mode, drag disabled, window buttons hidden, title bar hidden
[2020.01.31-18.48.03:457][  0]LogSlate: Updating window title bar state: overlay mode, drag disabled, window buttons hidden, title bar hidden
[2020.01.31-18.48.03:471][  0]LogSlate: Updating window title bar state: overlay mode, drag disabled, window buttons hidden, title bar hidden
[2020.01.31-18.48.03:487][  0]LogSlate: Updating window title bar state: overlay mode, drag disabled, window buttons hidden, title bar hidden
[2020.01.31-18.48.03:517][  0]LogCollectionManager: Loaded 0 collections in 0.003625 seconds
[2020.01.31-18.48.03:528][  0]LogFileCache: Scanning file cache for directory 'C:/Users/IanStJohn/Documents/GitHub/Nite-Of-The-Living-Dead/NiteOfTheLivingDead/NiteOfTheLivingDead/Saved/Collections/' took 0.00s
[2020.01.31-18.48.03:528][  0]LogFileCache: Scanning file cache for directory 'C:/Users/IanStJohn/Documents/GitHub/Nite-Of-The-Living-Dead/NiteOfTheLivingDead/NiteOfTheLivingDead/Content/Developers/IanStJohn/Collections/' took 0.00s
[2020.01.31-18.48.03:528][  0]LogFileCache: Scanning file cache for directory 'C:/Users/IanStJohn/Documents/GitHub/Nite-Of-The-Living-Dead/NiteOfTheLivingDead/NiteOfTheLivingDead/Content/Collections/' took 0.00s
[2020.01.31-18.48.03:528][  0]LogCollectionManager: Rebuilt the GUID cache for 0 collections in 0.000002 seconds
[2020.01.31-18.48.03:542][  0]LogContentBrowser: Native class hierarchy populated in 0.0138 seconds. Added 2864 classes and 682 folders.
[2020.01.31-18.48.03:551][  0]LogContentBrowser: Native class hierarchy updated for 'WidgetCarousel' in 0.0008 seconds. Added 0 classes and 0 folders.
[2020.01.31-18.48.05:595][  0]LogContentBrowser: Native class hierarchy updated for 'AddContentDialog' in 0.0012 seconds. Added 0 classes and 0 folders.
[2020.01.31-18.48.05:648][  0]LogSlate: Took 0.000243 seconds to synchronously load lazily loaded font '../../../Engine/Content/Slate/Fonts/Roboto-Bold.ttf' (160K)
[2020.01.31-18.48.05:670][  0]LogSlate: Took 0.019184 seconds to synchronously load lazily loaded font '../../../Engine/Content/Editor/Slate/Fonts/FontAwesome.ttf' (139K)
[2020.01.31-18.48.05:930][  0]LogRenderer: Reallocating scene render targets to support 896x504 Format 10 NumSamples 1 (Frame:1).
[2020.01.31-18.48.06:096][  0]LogContentBrowser: Native class hierarchy updated for 'HierarchicalLODOutliner' in 0.0011 seconds. Added 0 classes and 0 folders.
[2020.01.31-18.48.06:096][  0]LogLoad: (Engine Initialization) Total time: 46.00 seconds
[2020.01.31-18.48.06:096][  0]LogLoad: (Engine Initialization) Total Blueprint compile time: 0.00 seconds
[2020.01.31-18.48.06:176][  0]LogContentStreaming: Texture pool size now 1000 MB
[2020.01.31-18.48.06:178][  0]LogSlate: FSceneViewport::OnFocusLost() reason 5
[2020.01.31-18.48.06:260][  0]LogSlate: Took 0.035229 seconds to synchronously load lazily loaded font '../../../Engine/Content/Slate/Fonts/Roboto-Light.ttf' (167K)
[2020.01.31-18.48.07:256][  7]LogSlate: Took 0.000262 seconds to synchronously load lazily loaded font '../../../Engine/Content/Slate/Fonts/Roboto-Light.ttf' (167K)
[2020.01.31-18.48.07:797][ 15]LogAssetRegistry: Asset discovery search completed in 43.6169 seconds
[2020.01.31-18.48.07:804][ 15]LogCollectionManager: Rebuilt the object cache for 0 collections in 0.000012 seconds (found 0 objects)
[2020.01.31-18.48.07:804][ 15]LogCollectionManager: Fixed up redirectors for 0 collections in 0.000103 seconds (updated 0 objects)
[2020.01.31-18.48.12:339][284]LogSlate: Window 'Message Log' being destroyed
[2020.01.31-18.48.12:346][284]LogSlate: Window 'Message Log' being destroyed
