Log file open, 02/14/20 08:42:37
LogWindows: Failed to load 'aqProf.dll' (GetLastError=126)
LogWindows: File 'aqProf.dll' does not exist
LogWindows: Failed to load 'VtuneApi.dll' (GetLastError=126)
LogWindows: File 'VtuneApi.dll' does not exist
LogWindows: Failed to load 'VtuneApi32e.dll' (GetLastError=126)
LogWindows: File 'VtuneApi32e.dll' does not exist
LogConsoleResponse: Display: Failed to find resolution value strings in scalability ini. Falling back to default.
LogInit: Display: Running engine for game: NiteOfTheLivingDead
LogPlatformFile: Not using cached read wrapper
LogTaskGraph: Started task graph with 5 named threads and 11 total threads with 3 sets of task threads.
LogStats: Stats thread started at 3.835062
LogD3D11RHI: Loaded GFSDK_Aftermath_Lib.x64.dll
LogICUInternationalization: ICU TimeZone Detection - Raw Offset: -5:00, Platform Override: ''
LogPluginManager: Mounting plugin Paper2D
LogPluginManager: Mounting plugin AISupport
LogPluginManager: Mounting plugin LightPropagationVolume
LogPluginManager: Mounting plugin ActorLayerUtilities
LogPluginManager: Mounting plugin AnimationSharing
LogPluginManager: Mounting plugin CLionSourceCodeAccess
LogPluginManager: Mounting plugin CodeLiteSourceCodeAccess
LogPluginManager: Mounting plugin GitSourceControl
LogPluginManager: Mounting plugin KDevelopSourceCodeAccess
LogPluginManager: Mounting plugin NullSourceCodeAccess
LogPluginManager: Mounting plugin PerforceSourceControl
LogPluginManager: Mounting plugin SubversionSourceControl
LogPluginManager: Mounting plugin UObjectPlugin
LogPluginManager: Mounting plugin VisualStudioCodeSourceCodeAccess
LogPluginManager: Mounting plugin VisualStudioSourceCodeAccess
LogPluginManager: Mounting plugin XCodeSourceCodeAccess
LogPluginManager: Mounting plugin AssetManagerEditor
LogPluginManager: Mounting plugin CryptoKeys
LogPluginManager: Mounting plugin CurveEditorTools
LogPluginManager: Mounting plugin DataValidation
LogPluginManager: Mounting plugin FacialAnimation
LogPluginManager: Mounting plugin GameplayTagsEditor
LogPluginManager: Mounting plugin MacGraphicsSwitching
LogPluginManager: Mounting plugin MaterialAnalyzer
LogPluginManager: Mounting plugin MobileLauncherProfileWizard
LogPluginManager: Mounting plugin PluginBrowser
LogPluginManager: Mounting plugin SpeedTreeImporter
LogPluginManager: Mounting plugin DatasmithContent
LogPluginManager: Mounting plugin VariantManagerContent
LogPluginManager: Mounting plugin AlembicImporter
LogPluginManager: Mounting plugin AutomationUtils
LogPluginManager: Mounting plugin BackChannel
LogPluginManager: Mounting plugin CharacterAI
LogPluginManager: Mounting plugin GeometryCache
LogPluginManager: Mounting plugin HTML5Networking
LogPluginManager: Mounting plugin PlatformCrypto
LogPluginManager: Mounting plugin ProxyLODPlugin
LogPluginManager: Mounting plugin SkeletalReduction
LogPluginManager: Mounting plugin MagicLeap
LogPluginManager: Mounting plugin MagicLeapMedia
LogPluginManager: Mounting plugin AndroidMedia
LogPluginManager: Mounting plugin AvfMedia
LogPluginManager: Mounting plugin ImgMedia
LogPluginManager: Mounting plugin MediaCompositing
LogPluginManager: Mounting plugin MediaPlayerEditor
LogPluginManager: Mounting plugin WebMMedia
LogPluginManager: Mounting plugin WmfMedia
LogPluginManager: Mounting plugin TcpMessaging
LogPluginManager: Mounting plugin UdpMessaging
LogPluginManager: Mounting plugin ActorSequence
LogPluginManager: Mounting plugin LevelSequenceEditor
LogPluginManager: Mounting plugin MatineeToLevelSequence
LogPluginManager: Mounting plugin NetcodeUnitTest
LogPluginManager: Mounting plugin NUTUnrealEngine4
LogPluginManager: Mounting plugin OnlineSubsystemGooglePlay
LogPluginManager: Mounting plugin OnlineSubsystemIOS
LogPluginManager: Mounting plugin OnlineSubsystem
LogPluginManager: Mounting plugin OnlineSubsystemNull
LogPluginManager: Mounting plugin OnlineSubsystemUtils
LogPluginManager: Mounting plugin LauncherChunkInstaller
LogPluginManager: Mounting plugin AndroidDeviceProfileSelector
LogPluginManager: Mounting plugin AndroidMoviePlayer
LogPluginManager: Mounting plugin AndroidPermission
LogPluginManager: Mounting plugin AppleImageUtils
LogPluginManager: Mounting plugin AppleMoviePlayer
LogPluginManager: Mounting plugin ArchVisCharacter
LogPluginManager: Mounting plugin AudioCapture
LogPluginManager: Mounting plugin CableComponent
LogPluginManager: Mounting plugin CustomMeshComponent
LogPluginManager: Mounting plugin EditableMesh
LogPluginManager: Mounting plugin ExampleDeviceProfileSelector
LogPluginManager: Mounting plugin GoogleCloudMessaging
LogPluginManager: Mounting plugin IOSDeviceProfileSelector
LogPluginManager: Mounting plugin LinuxDeviceProfileSelector
LogPluginManager: Mounting plugin LocationServicesBPLibrary
LogPluginManager: Mounting plugin MobilePatchingUtils
LogPluginManager: Mounting plugin OculusVR
LogPluginManager: Mounting plugin PhysXVehicles
LogPluginManager: Mounting plugin ProceduralMeshComponent
LogPluginManager: Mounting plugin RuntimePhysXCooking
LogPluginManager: Mounting plugin SignificanceManager
LogPluginManager: Mounting plugin SteamVR
LogPluginManager: Mounting plugin WebMMoviePlayer
LogPluginManager: Mounting plugin WindowsMoviePlayer
LogPluginManager: Mounting plugin ScreenshotTools
LogInit: Using libcurl 7.55.1-DEV
LogInit:  - built for x86_64-pc-win32
LogInit:  - supports SSL with OpenSSL/1.1.1
LogInit:  - supports HTTP deflate (compression) using libz 1.2.8
LogInit:  - other features:
LogInit:      CURL_VERSION_SSL
LogInit:      CURL_VERSION_LIBZ
LogInit:      CURL_VERSION_IPV6
LogInit:      CURL_VERSION_ASYNCHDNS
LogInit:      CURL_VERSION_LARGEFILE
LogInit:      CURL_VERSION_IDN
LogInit:  CurlRequestOptions (configurable via config and command line):
LogInit:  - bVerifyPeer = true  - Libcurl will verify peer certificate
LogInit:  - bUseHttpProxy = false  - Libcurl will NOT use HTTP proxy
LogInit:  - bDontReuseConnections = false  - Libcurl will reuse connections
LogInit:  - MaxHostConnections = 16  - Libcurl will limit the number of connections to a host
LogInit:  - LocalHostAddr = Default
LogInit:  - BufferSize = 65536
LogOnline: OSS: Creating online subsystem instance for: NULL
LogInit: WinSock: version 1.1 (2.2), MaxSocks=32767, MaxUdp=65467
LogInit: Build: ++UE4+Release-4.23-CL-9631420
LogInit: Engine Version: 4.23.1-9631420+++UE4+Release-4.23
LogInit: Compatible Engine Version: 4.23.0-8386587+++UE4+Release-4.23
LogInit: Net CL: 8386587
LogInit: OS: Windows 10 (Release 1903) (), CPU:        Intel(R) Core(TM) i7-3520M CPU @ 2.90GHz, GPU: Intel(R) HD Graphics 4000
LogInit: Compiled (64-bit): Oct 18 2019 02:07:44
LogInit: Compiled with Visual C++: 19.16.27030.01
LogInit: Build Configuration: Development
LogInit: Branch Name: ++UE4+Release-4.23
LogInit: Command Line: 
LogInit: Base Directory: C:/UE_4.23/Engine/Binaries/Win64/
LogInit: Installed Engine Build: 1
LogDevObjectVersion: Number of dev versions registered: 23
LogDevObjectVersion:   Dev-Blueprints (B0D832E4-1F89-4F0D-ACCF-7EB736FD4AA2): 10
LogDevObjectVersion:   Dev-Build (E1C64328-A22C-4D53-A36C-8E866417BD8C): 0
LogDevObjectVersion:   Dev-Core (375EC13C-06E4-48FB-B500-84F0262A717E): 3
LogDevObjectVersion:   Dev-Editor (E4B068ED-F494-42E9-A231-DA0B2E46BB41): 34
LogDevObjectVersion:   Dev-Framework (CFFC743F-43B0-4480-9391-14DF171D2073): 35
LogDevObjectVersion:   Dev-Mobile (B02B49B5-BB20-44E9-A304-32B752E40360): 2
LogDevObjectVersion:   Dev-Networking (A4E4105C-59A1-49B5-A7C5-40C4547EDFEE): 0
LogDevObjectVersion:   Dev-Online (39C831C9-5AE6-47DC-9A44-9C173E1C8E7C): 0
LogDevObjectVersion:   Dev-Physics (78F01B33-EBEA-4F98-B9B4-84EACCB95AA2): 0
LogDevObjectVersion:   Dev-Platform (6631380F-2D4D-43E0-8009-CF276956A95A): 0
LogDevObjectVersion:   Dev-Rendering (12F88B9F-8875-4AFC-A67C-D90C383ABD29): 31
LogDevObjectVersion:   Dev-Sequencer (7B5AE74C-D270-4C10-A958-57980B212A5A): 11
LogDevObjectVersion:   Dev-VR (D7296918-1DD6-4BDD-9DE2-64A83CC13884): 2
LogDevObjectVersion:   Dev-LoadTimes (C2A15278-BFE7-4AFE-6C17-90FF531DF755): 1
LogDevObjectVersion:   Private-Geometry (6EACA3D4-40EC-4CC1-B786-8BED09428FC5): 3
LogDevObjectVersion:   Dev-AnimPhys (29E575DD-E0A3-4627-9D10-D276232CDCEA): 17
LogDevObjectVersion:   Dev-Anim (AF43A65D-7FD3-4947-9873-3E8ED9C1BB05): 2
LogDevObjectVersion:   Dev-ReflectionCapture (6B266CEC-1EC7-4B8F-A30B-E4D90942FC07): 1
LogDevObjectVersion:   Dev-Automation (0DF73D61-A23F-47EA-B727-89E90C41499A): 1
LogDevObjectVersion:   FortniteMain (601D1886-AC64-4F84-AA16-D3DE0DEAC7D6): 27
LogDevObjectVersion:   Dev-Enterprise (9DFFBCD6-494F-0158-E221-12823C92A888): 6
LogDevObjectVersion:   Dev-Niagara (F2AED0AC-9AFE-416F-8664-AA7FFA26D6FC): 1
LogDevObjectVersion:   Dev-Destruction (174F1F0B-B4C6-45A5-B13F-2EE8D0FB917D): 9
LogInit: Presizing for max 16777216 objects, including 0 objects not considered by GC, pre-allocating 0 bytes for permanent pool.
LogInit: Object subsystem initialized
LogConfig: Setting CVar [[con.DebugEarlyDefault:1]]
LogConfig: Setting CVar [[r.setres:1280x720]]
[2020.02.14-13.42.46:375][  0]LogConfig: Setting CVar [[r.VSync:0]]
[2020.02.14-13.42.46:375][  0]LogConfig: Setting CVar [[r.RHICmdBypass:0]]
[2020.02.14-13.42.46:388][  0]LogConfig: Applying CVar settings from Section [/Script/Engine.RendererSettings] File [C:/Users/IanStJohn/Documents/GitHub/Nite-Of-The-Living-Dead/NiteOfTheLivingDead/NiteOfTheLivingDead/Saved/Config/Windows/Engine.ini]
[2020.02.14-13.42.46:388][  0]LogConfig: Setting CVar [[r.GPUCrashDebugging:0]]
[2020.02.14-13.42.46:388][  0]LogConfig: Applying CVar settings from Section [/Script/Engine.RendererOverrideSettings] File [C:/Users/IanStJohn/Documents/GitHub/Nite-Of-The-Living-Dead/NiteOfTheLivingDead/NiteOfTheLivingDead/Saved/Config/Windows/Engine.ini]
[2020.02.14-13.42.46:388][  0]LogConfig: Applying CVar settings from Section [/Script/Engine.StreamingSettings] File [C:/Users/IanStJohn/Documents/GitHub/Nite-Of-The-Living-Dead/NiteOfTheLivingDead/NiteOfTheLivingDead/Saved/Config/Windows/Engine.ini]
[2020.02.14-13.42.46:388][  0]LogConfig: Setting CVar [[s.MinBulkDataSizeForAsyncLoading:131072]]
[2020.02.14-13.42.46:388][  0]LogConfig: Setting CVar [[s.AsyncLoadingThreadEnabled:0]]
[2020.02.14-13.42.46:388][  0]LogConfig: Setting CVar [[s.EventDrivenLoaderEnabled:1]]
[2020.02.14-13.42.46:388][  0]LogConfig: Setting CVar [[s.WarnIfTimeLimitExceeded:0]]
[2020.02.14-13.42.46:388][  0]LogConfig: Setting CVar [[s.TimeLimitExceededMultiplier:1.5]]
[2020.02.14-13.42.46:388][  0]LogConfig: Setting CVar [[s.TimeLimitExceededMinTime:0.005]]
[2020.02.14-13.42.46:388][  0]LogConfig: Setting CVar [[s.UseBackgroundLevelStreaming:1]]
[2020.02.14-13.42.46:388][  0]LogConfig: Setting CVar [[s.PriorityAsyncLoadingExtraTime:15.0]]
[2020.02.14-13.42.46:388][  0]LogConfig: Setting CVar [[s.LevelStreamingActorsUpdateTimeLimit:5.0]]
[2020.02.14-13.42.46:388][  0]LogConfig: Setting CVar [[s.PriorityLevelStreamingActorsUpdateExtraTime:5.0]]
[2020.02.14-13.42.46:388][  0]LogConfig: Setting CVar [[s.LevelStreamingComponentsRegistrationGranularity:10]]
[2020.02.14-13.42.46:389][  0]LogConfig: Setting CVar [[s.UnregisterComponentsTimeLimit:1.0]]
[2020.02.14-13.42.46:389][  0]LogConfig: Setting CVar [[s.LevelStreamingComponentsUnregistrationGranularity:5]]
[2020.02.14-13.42.46:389][  0]LogConfig: Applying CVar settings from Section [/Script/Engine.GarbageCollectionSettings] File [C:/Users/IanStJohn/Documents/GitHub/Nite-Of-The-Living-Dead/NiteOfTheLivingDead/NiteOfTheLivingDead/Saved/Config/Windows/Engine.ini]
[2020.02.14-13.42.46:389][  0]LogConfig: Setting CVar [[gc.MaxObjectsNotConsideredByGC:1]]
[2020.02.14-13.42.46:389][  0]LogConfig: Setting CVar [[gc.SizeOfPermanentObjectPool:0]]
[2020.02.14-13.42.46:389][  0]LogConfig: Setting CVar [[gc.FlushStreamingOnGC:0]]
[2020.02.14-13.42.46:389][  0]LogConfig: Setting CVar [[gc.NumRetriesBeforeForcingGC:10]]
[2020.02.14-13.42.46:389][  0]LogConfig: Setting CVar [[gc.AllowParallelGC:1]]
[2020.02.14-13.42.46:389][  0]LogConfig: Setting CVar [[gc.TimeBetweenPurgingPendingKillObjects:61.1]]
[2020.02.14-13.42.46:389][  0]LogConfig: Setting CVar [[gc.MaxObjectsInEditor:16777216]]
[2020.02.14-13.42.46:389][  0]LogConfig: Setting CVar [[gc.IncrementalBeginDestroyEnabled:1]]
[2020.02.14-13.42.46:389][  0]LogConfig: Setting CVar [[gc.CreateGCClusters:1]]
[2020.02.14-13.42.46:389][  0]LogConfig: Setting CVar [[gc.MinGCClusterSize:5]]
[2020.02.14-13.42.46:389][  0]LogConfig: Setting CVar [[gc.ActorClusteringEnabled:0]]
[2020.02.14-13.42.46:389][  0]LogConfig: Setting CVar [[gc.BlueprintClusteringEnabled:0]]
[2020.02.14-13.42.46:389][  0]LogConfig: Setting CVar [[gc.UseDisregardForGCOnDedicatedServers:0]]
[2020.02.14-13.42.46:389][  0]LogConfig: Applying CVar settings from Section [/Script/Engine.NetworkSettings] File [C:/Users/IanStJohn/Documents/GitHub/Nite-Of-The-Living-Dead/NiteOfTheLivingDead/NiteOfTheLivingDead/Saved/Config/Windows/Engine.ini]
[2020.02.14-13.42.46:389][  0]LogConfig: Applying CVar settings from Section [/Script/UnrealEd.CookerSettings] File [C:/Users/IanStJohn/Documents/GitHub/Nite-Of-The-Living-Dead/NiteOfTheLivingDead/NiteOfTheLivingDead/Saved/Config/Windows/Engine.ini]
[2020.02.14-13.42.46:471][  0]LogConfig: Applying CVar settings from Section [ViewDistanceQuality@3] File [C:/Users/IanStJohn/Documents/GitHub/Nite-Of-The-Living-Dead/NiteOfTheLivingDead/NiteOfTheLivingDead/Saved/Config/Windows/Scalability.ini]
[2020.02.14-13.42.46:471][  0]LogConfig: Setting CVar [[r.SkeletalMeshLODBias:0]]
[2020.02.14-13.42.46:471][  0]LogConfig: Setting CVar [[r.ViewDistanceScale:1.0]]
[2020.02.14-13.42.46:471][  0]LogConfig: Applying CVar settings from Section [AntiAliasingQuality@3] File [C:/Users/IanStJohn/Documents/GitHub/Nite-Of-The-Living-Dead/NiteOfTheLivingDead/NiteOfTheLivingDead/Saved/Config/Windows/Scalability.ini]
[2020.02.14-13.42.46:471][  0]LogConfig: Setting CVar [[r.PostProcessAAQuality:4]]
[2020.02.14-13.42.46:471][  0]LogConfig: Applying CVar settings from Section [ShadowQuality@3] File [C:/Users/IanStJohn/Documents/GitHub/Nite-Of-The-Living-Dead/NiteOfTheLivingDead/NiteOfTheLivingDead/Saved/Config/Windows/Scalability.ini]
[2020.02.14-13.42.46:471][  0]LogConfig: Setting CVar [[r.LightFunctionQuality:1]]
[2020.02.14-13.42.46:471][  0]LogConfig: Setting CVar [[r.ShadowQuality:5]]
[2020.02.14-13.42.46:471][  0]LogConfig: Setting CVar [[r.Shadow.CSM.MaxCascades:10]]
[2020.02.14-13.42.46:471][  0]LogConfig: Setting CVar [[r.Shadow.MaxResolution:2048]]
[2020.02.14-13.42.46:471][  0]LogConfig: Setting CVar [[r.Shadow.MaxCSMResolution:2048]]
[2020.02.14-13.42.46:471][  0]LogConfig: Setting CVar [[r.Shadow.RadiusThreshold:0.01]]
[2020.02.14-13.42.46:471][  0]LogConfig: Setting CVar [[r.Shadow.DistanceScale:1.0]]
[2020.02.14-13.42.46:471][  0]LogConfig: Setting CVar [[r.Shadow.CSM.TransitionScale:1.0]]
[2020.02.14-13.42.46:471][  0]LogConfig: Setting CVar [[r.Shadow.PreShadowResolutionFactor:1.0]]
[2020.02.14-13.42.46:471][  0]LogConfig: Setting CVar [[r.DistanceFieldShadowing:1]]
[2020.02.14-13.42.46:471][  0]LogConfig: Setting CVar [[r.DistanceFieldAO:1]]
[2020.02.14-13.42.46:471][  0]LogConfig: Setting CVar [[r.AOQuality:2]]
[2020.02.14-13.42.46:471][  0]LogConfig: Setting CVar [[r.VolumetricFog:1]]
[2020.02.14-13.42.46:471][  0]LogConfig: Setting CVar [[r.VolumetricFog.GridPixelSize:8]]
[2020.02.14-13.42.46:471][  0]LogConfig: Setting CVar [[r.VolumetricFog.GridSizeZ:128]]
[2020.02.14-13.42.46:471][  0]LogConfig: Setting CVar [[r.VolumetricFog.HistoryMissSupersampleCount:4]]
[2020.02.14-13.42.46:471][  0]LogConfig: Setting CVar [[r.LightMaxDrawDistanceScale:1]]
[2020.02.14-13.42.46:471][  0]LogConfig: Setting CVar [[r.CapsuleShadows:1]]
[2020.02.14-13.42.46:471][  0]LogConfig: Applying CVar settings from Section [PostProcessQuality@3] File [C:/Users/IanStJohn/Documents/GitHub/Nite-Of-The-Living-Dead/NiteOfTheLivingDead/NiteOfTheLivingDead/Saved/Config/Windows/Scalability.ini]
[2020.02.14-13.42.46:471][  0]LogConfig: Setting CVar [[r.MotionBlurQuality:4]]
[2020.02.14-13.42.46:472][  0]LogConfig: Setting CVar [[r.AmbientOcclusionMipLevelFactor:0.4]]
[2020.02.14-13.42.46:472][  0]LogConfig: Setting CVar [[r.AmbientOcclusionMaxQuality:100]]
[2020.02.14-13.42.46:472][  0]LogConfig: Setting CVar [[r.AmbientOcclusionLevels:-1]]
[2020.02.14-13.42.46:472][  0]LogConfig: Setting CVar [[r.AmbientOcclusionRadiusScale:1.0]]
[2020.02.14-13.42.46:472][  0]LogConfig: Setting CVar [[r.DepthOfFieldQuality:2]]
[2020.02.14-13.42.46:472][  0]LogConfig: Setting CVar [[r.RenderTargetPoolMin:400]]
[2020.02.14-13.42.46:472][  0]LogConfig: Setting CVar [[r.LensFlareQuality:2]]
[2020.02.14-13.42.46:472][  0]LogConfig: Setting CVar [[r.SceneColorFringeQuality:1]]
[2020.02.14-13.42.46:472][  0]LogConfig: Setting CVar [[r.EyeAdaptationQuality:2]]
[2020.02.14-13.42.46:472][  0]LogConfig: Setting CVar [[r.BloomQuality:5]]
[2020.02.14-13.42.46:472][  0]LogConfig: Setting CVar [[r.FastBlurThreshold:100]]
[2020.02.14-13.42.46:472][  0]LogConfig: Setting CVar [[r.Upscale.Quality:3]]
[2020.02.14-13.42.46:472][  0]LogConfig: Setting CVar [[r.Tonemapper.GrainQuantization:1]]
[2020.02.14-13.42.46:472][  0]LogConfig: Setting CVar [[r.LightShaftQuality:1]]
[2020.02.14-13.42.46:472][  0]LogConfig: Setting CVar [[r.Filter.SizeScale:1]]
[2020.02.14-13.42.46:472][  0]LogConfig: Setting CVar [[r.Tonemapper.Quality:5]]
[2020.02.14-13.42.46:472][  0]LogConfig: Setting CVar [[r.DOF.Gather.AccumulatorQuality:1        ; higher gathering accumulator quality]]
[2020.02.14-13.42.46:472][  0]LogConfig: Setting CVar [[r.DOF.Gather.PostfilterMethod:1          ; Median3x3 postfilering method]]
[2020.02.14-13.42.46:472][  0]LogConfig: Setting CVar [[r.DOF.Gather.EnableBokehSettings:0       ; no bokeh simulation when gathering]]
[2020.02.14-13.42.46:472][  0]LogConfig: Setting CVar [[r.DOF.Gather.RingCount:4                 ; medium number of samples when gathering]]
[2020.02.14-13.42.46:472][  0]LogConfig: Setting CVar [[r.DOF.Scatter.ForegroundCompositing:1    ; additive foreground scattering]]
[2020.02.14-13.42.46:472][  0]LogConfig: Setting CVar [[r.DOF.Scatter.BackgroundCompositing:2    ; additive background scattering]]
[2020.02.14-13.42.46:472][  0]LogConfig: Setting CVar [[r.DOF.Scatter.EnableBokehSettings:1      ; bokeh simulation when scattering]]
[2020.02.14-13.42.46:472][  0]LogConfig: Setting CVar [[r.DOF.Scatter.MaxSpriteRatio:0.1         ; only a maximum of 10% of scattered bokeh]]
[2020.02.14-13.42.46:472][  0]LogConfig: Setting CVar [[r.DOF.Recombine.Quality:1                ; cheap slight out of focus]]
[2020.02.14-13.42.46:472][  0]LogConfig: Setting CVar [[r.DOF.Recombine.EnableBokehSettings:0    ; no bokeh simulation on slight out of focus]]
[2020.02.14-13.42.46:472][  0]LogConfig: Setting CVar [[r.DOF.TemporalAAQuality:1                ; more stable temporal accumulation]]
[2020.02.14-13.42.46:472][  0]LogConfig: Setting CVar [[r.DOF.Kernel.MaxForegroundRadius:0.025]]
[2020.02.14-13.42.46:472][  0]LogConfig: Setting CVar [[r.DOF.Kernel.MaxBackgroundRadius:0.025]]
[2020.02.14-13.42.46:472][  0]LogConfig: Applying CVar settings from Section [TextureQuality@3] File [C:/Users/IanStJohn/Documents/GitHub/Nite-Of-The-Living-Dead/NiteOfTheLivingDead/NiteOfTheLivingDead/Saved/Config/Windows/Scalability.ini]
[2020.02.14-13.42.46:472][  0]LogConfig: Setting CVar [[r.Streaming.MipBias:0]]
[2020.02.14-13.42.46:473][  0]LogConfig: Setting CVar [[r.Streaming.AmortizeCPUToGPUCopy:0]]
[2020.02.14-13.42.46:473][  0]LogConfig: Setting CVar [[r.Streaming.MaxNumTexturesToStreamPerFrame:0]]
[2020.02.14-13.42.46:473][  0]LogConfig: Setting CVar [[r.Streaming.Boost:1]]
[2020.02.14-13.42.46:473][  0]LogConfig: Setting CVar [[r.MaxAnisotropy:8]]
[2020.02.14-13.42.46:473][  0]LogConfig: Setting CVar [[r.Streaming.LimitPoolSizeToVRAM:0]]
[2020.02.14-13.42.46:473][  0]LogConfig: Setting CVar [[r.Streaming.PoolSize:1000]]
[2020.02.14-13.42.46:473][  0]LogConfig: Setting CVar [[r.Streaming.MaxEffectiveScreenSize:0]]
[2020.02.14-13.42.46:473][  0]LogConfig: Applying CVar settings from Section [EffectsQuality@3] File [C:/Users/IanStJohn/Documents/GitHub/Nite-Of-The-Living-Dead/NiteOfTheLivingDead/NiteOfTheLivingDead/Saved/Config/Windows/Scalability.ini]
[2020.02.14-13.42.46:473][  0]LogConfig: Setting CVar [[r.TranslucencyLightingVolumeDim:64]]
[2020.02.14-13.42.46:473][  0]LogConfig: Setting CVar [[r.RefractionQuality:2]]
[2020.02.14-13.42.46:473][  0]LogConfig: Setting CVar [[r.SSR.Quality:3]]
[2020.02.14-13.42.46:473][  0]LogConfig: Setting CVar [[r.SceneColorFormat:4]]
[2020.02.14-13.42.46:473][  0]LogConfig: Setting CVar [[r.DetailMode:2]]
[2020.02.14-13.42.46:473][  0]LogConfig: Setting CVar [[r.TranslucencyVolumeBlur:1]]
[2020.02.14-13.42.46:473][  0]LogConfig: Setting CVar [[r.MaterialQualityLevel:1 ; High quality]]
[2020.02.14-13.42.46:473][  0]LogConfig: Setting CVar [[r.SSS.Scale:1]]
[2020.02.14-13.42.46:473][  0]LogConfig: Setting CVar [[r.SSS.SampleSet:2]]
[2020.02.14-13.42.46:473][  0]LogConfig: Setting CVar [[r.SSS.Quality:1]]
[2020.02.14-13.42.46:473][  0]LogConfig: Setting CVar [[r.SSS.HalfRes:1]]
[2020.02.14-13.42.46:473][  0]LogConfig: Setting CVar [[r.EmitterSpawnRateScale:1.0]]
[2020.02.14-13.42.46:473][  0]LogConfig: Setting CVar [[r.ParticleLightQuality:2]]
[2020.02.14-13.42.46:473][  0]LogConfig: Applying CVar settings from Section [FoliageQuality@3] File [C:/Users/IanStJohn/Documents/GitHub/Nite-Of-The-Living-Dead/NiteOfTheLivingDead/NiteOfTheLivingDead/Saved/Config/Windows/Scalability.ini]
[2020.02.14-13.42.46:473][  0]LogConfig: Setting CVar [[foliage.DensityScale:1.0]]
[2020.02.14-13.42.46:473][  0]LogConfig: Setting CVar [[grass.DensityScale:1.0]]
[2020.02.14-13.42.46:482][  0]LogInit: Selected Device Profile: [Windows]
[2020.02.14-13.42.46:487][  0]LogInit: Applying CVar settings loaded from the selected device profile: [Windows]
[2020.02.14-13.42.46:528][  0]LogHAL: Display: Platform has ~ 8 GB [8399994880 / 8589934592 / 8], which maps to Default [LargestMinGB=32, LargerMinGB=12, DefaultMinGB=8, SmallerMinGB=6, SmallestMinGB=0)
[2020.02.14-13.42.46:528][  0]LogInit: Going up to parent DeviceProfile []
[2020.02.14-13.42.46:535][  0]LogConfig: Applying CVar settings from Section [ViewDistanceQuality@3] File [C:/Users/IanStJohn/Documents/GitHub/Nite-Of-The-Living-Dead/NiteOfTheLivingDead/NiteOfTheLivingDead/Saved/Config/Windows/Scalability.ini]
[2020.02.14-13.42.46:535][  0]LogConfig: Setting CVar [[r.SkeletalMeshLODBias:0]]
[2020.02.14-13.42.46:535][  0]LogConfig: Setting CVar [[r.ViewDistanceScale:1.0]]
[2020.02.14-13.42.46:535][  0]LogConfig: Applying CVar settings from Section [AntiAliasingQuality@3] File [C:/Users/IanStJohn/Documents/GitHub/Nite-Of-The-Living-Dead/NiteOfTheLivingDead/NiteOfTheLivingDead/Saved/Config/Windows/Scalability.ini]
[2020.02.14-13.42.46:535][  0]LogConfig: Setting CVar [[r.PostProcessAAQuality:4]]
[2020.02.14-13.42.46:535][  0]LogConfig: Applying CVar settings from Section [ShadowQuality@3] File [C:/Users/IanStJohn/Documents/GitHub/Nite-Of-The-Living-Dead/NiteOfTheLivingDead/NiteOfTheLivingDead/Saved/Config/Windows/Scalability.ini]
[2020.02.14-13.42.46:535][  0]LogConfig: Setting CVar [[r.LightFunctionQuality:1]]
[2020.02.14-13.42.46:535][  0]LogConfig: Setting CVar [[r.ShadowQuality:5]]
[2020.02.14-13.42.46:535][  0]LogConfig: Setting CVar [[r.Shadow.CSM.MaxCascades:10]]
[2020.02.14-13.42.46:535][  0]LogConfig: Setting CVar [[r.Shadow.MaxResolution:2048]]
[2020.02.14-13.42.46:535][  0]LogConfig: Setting CVar [[r.Shadow.MaxCSMResolution:2048]]
[2020.02.14-13.42.46:535][  0]LogConfig: Setting CVar [[r.Shadow.RadiusThreshold:0.01]]
[2020.02.14-13.42.46:535][  0]LogConfig: Setting CVar [[r.Shadow.DistanceScale:1.0]]
[2020.02.14-13.42.46:535][  0]LogConfig: Setting CVar [[r.Shadow.CSM.TransitionScale:1.0]]
[2020.02.14-13.42.46:535][  0]LogConfig: Setting CVar [[r.Shadow.PreShadowResolutionFactor:1.0]]
[2020.02.14-13.42.46:535][  0]LogConfig: Setting CVar [[r.DistanceFieldShadowing:1]]
[2020.02.14-13.42.46:535][  0]LogConfig: Setting CVar [[r.DistanceFieldAO:1]]
[2020.02.14-13.42.46:535][  0]LogConfig: Setting CVar [[r.AOQuality:2]]
[2020.02.14-13.42.46:536][  0]LogConfig: Setting CVar [[r.VolumetricFog:1]]
[2020.02.14-13.42.46:536][  0]LogConfig: Setting CVar [[r.VolumetricFog.GridPixelSize:8]]
[2020.02.14-13.42.46:536][  0]LogConfig: Setting CVar [[r.VolumetricFog.GridSizeZ:128]]
[2020.02.14-13.42.46:536][  0]LogConfig: Setting CVar [[r.VolumetricFog.HistoryMissSupersampleCount:4]]
[2020.02.14-13.42.46:536][  0]LogConfig: Setting CVar [[r.LightMaxDrawDistanceScale:1]]
[2020.02.14-13.42.46:536][  0]LogConfig: Setting CVar [[r.CapsuleShadows:1]]
[2020.02.14-13.42.46:536][  0]LogConfig: Applying CVar settings from Section [PostProcessQuality@3] File [C:/Users/IanStJohn/Documents/GitHub/Nite-Of-The-Living-Dead/NiteOfTheLivingDead/NiteOfTheLivingDead/Saved/Config/Windows/Scalability.ini]
[2020.02.14-13.42.46:536][  0]LogConfig: Setting CVar [[r.MotionBlurQuality:4]]
[2020.02.14-13.42.46:536][  0]LogConfig: Setting CVar [[r.AmbientOcclusionMipLevelFactor:0.4]]
[2020.02.14-13.42.46:536][  0]LogConfig: Setting CVar [[r.AmbientOcclusionMaxQuality:100]]
[2020.02.14-13.42.46:536][  0]LogConfig: Setting CVar [[r.AmbientOcclusionLevels:-1]]
[2020.02.14-13.42.46:536][  0]LogConfig: Setting CVar [[r.AmbientOcclusionRadiusScale:1.0]]
[2020.02.14-13.42.46:536][  0]LogConfig: Setting CVar [[r.DepthOfFieldQuality:2]]
[2020.02.14-13.42.46:536][  0]LogConfig: Setting CVar [[r.RenderTargetPoolMin:400]]
[2020.02.14-13.42.46:536][  0]LogConfig: Setting CVar [[r.LensFlareQuality:2]]
[2020.02.14-13.42.46:536][  0]LogConfig: Setting CVar [[r.SceneColorFringeQuality:1]]
[2020.02.14-13.42.46:536][  0]LogConfig: Setting CVar [[r.EyeAdaptationQuality:2]]
[2020.02.14-13.42.46:536][  0]LogConfig: Setting CVar [[r.BloomQuality:5]]
[2020.02.14-13.42.46:536][  0]LogConfig: Setting CVar [[r.FastBlurThreshold:100]]
[2020.02.14-13.42.46:536][  0]LogConfig: Setting CVar [[r.Upscale.Quality:3]]
[2020.02.14-13.42.46:536][  0]LogConfig: Setting CVar [[r.Tonemapper.GrainQuantization:1]]
[2020.02.14-13.42.46:536][  0]LogConfig: Setting CVar [[r.LightShaftQuality:1]]
[2020.02.14-13.42.46:536][  0]LogConfig: Setting CVar [[r.Filter.SizeScale:1]]
[2020.02.14-13.42.46:536][  0]LogConfig: Setting CVar [[r.Tonemapper.Quality:5]]
[2020.02.14-13.42.46:536][  0]LogConfig: Setting CVar [[r.DOF.Gather.AccumulatorQuality:1        ; higher gathering accumulator quality]]
[2020.02.14-13.42.46:536][  0]LogConfig: Setting CVar [[r.DOF.Gather.PostfilterMethod:1          ; Median3x3 postfilering method]]
[2020.02.14-13.42.46:536][  0]LogConfig: Setting CVar [[r.DOF.Gather.EnableBokehSettings:0       ; no bokeh simulation when gathering]]
[2020.02.14-13.42.46:536][  0]LogConfig: Setting CVar [[r.DOF.Gather.RingCount:4                 ; medium number of samples when gathering]]
[2020.02.14-13.42.46:536][  0]LogConfig: Setting CVar [[r.DOF.Scatter.ForegroundCompositing:1    ; additive foreground scattering]]
[2020.02.14-13.42.46:536][  0]LogConfig: Setting CVar [[r.DOF.Scatter.BackgroundCompositing:2    ; additive background scattering]]
[2020.02.14-13.42.46:536][  0]LogConfig: Setting CVar [[r.DOF.Scatter.EnableBokehSettings:1      ; bokeh simulation when scattering]]
[2020.02.14-13.42.46:536][  0]LogConfig: Setting CVar [[r.DOF.Scatter.MaxSpriteRatio:0.1         ; only a maximum of 10% of scattered bokeh]]
[2020.02.14-13.42.46:536][  0]LogConfig: Setting CVar [[r.DOF.Recombine.Quality:1                ; cheap slight out of focus]]
[2020.02.14-13.42.46:537][  0]LogConfig: Setting CVar [[r.DOF.Recombine.EnableBokehSettings:0    ; no bokeh simulation on slight out of focus]]
[2020.02.14-13.42.46:537][  0]LogConfig: Setting CVar [[r.DOF.TemporalAAQuality:1                ; more stable temporal accumulation]]
[2020.02.14-13.42.46:537][  0]LogConfig: Setting CVar [[r.DOF.Kernel.MaxForegroundRadius:0.025]]
[2020.02.14-13.42.46:537][  0]LogConfig: Setting CVar [[r.DOF.Kernel.MaxBackgroundRadius:0.025]]
[2020.02.14-13.42.46:537][  0]LogConfig: Applying CVar settings from Section [TextureQuality@3] File [C:/Users/IanStJohn/Documents/GitHub/Nite-Of-The-Living-Dead/NiteOfTheLivingDead/NiteOfTheLivingDead/Saved/Config/Windows/Scalability.ini]
[2020.02.14-13.42.46:537][  0]LogConfig: Setting CVar [[r.Streaming.MipBias:0]]
[2020.02.14-13.42.46:537][  0]LogConfig: Setting CVar [[r.Streaming.AmortizeCPUToGPUCopy:0]]
[2020.02.14-13.42.46:537][  0]LogConfig: Setting CVar [[r.Streaming.MaxNumTexturesToStreamPerFrame:0]]
[2020.02.14-13.42.46:537][  0]LogConfig: Setting CVar [[r.Streaming.Boost:1]]
[2020.02.14-13.42.46:537][  0]LogConfig: Setting CVar [[r.MaxAnisotropy:8]]
[2020.02.14-13.42.46:537][  0]LogConfig: Setting CVar [[r.Streaming.LimitPoolSizeToVRAM:0]]
[2020.02.14-13.42.46:537][  0]LogConfig: Setting CVar [[r.Streaming.PoolSize:1000]]
[2020.02.14-13.42.46:537][  0]LogConfig: Setting CVar [[r.Streaming.MaxEffectiveScreenSize:0]]
[2020.02.14-13.42.46:537][  0]LogConfig: Applying CVar settings from Section [EffectsQuality@3] File [C:/Users/IanStJohn/Documents/GitHub/Nite-Of-The-Living-Dead/NiteOfTheLivingDead/NiteOfTheLivingDead/Saved/Config/Windows/Scalability.ini]
[2020.02.14-13.42.46:537][  0]LogConfig: Setting CVar [[r.TranslucencyLightingVolumeDim:64]]
[2020.02.14-13.42.46:537][  0]LogConfig: Setting CVar [[r.RefractionQuality:2]]
[2020.02.14-13.42.46:537][  0]LogConfig: Setting CVar [[r.SSR.Quality:3]]
[2020.02.14-13.42.46:537][  0]LogConfig: Setting CVar [[r.SceneColorFormat:4]]
[2020.02.14-13.42.46:537][  0]LogConfig: Setting CVar [[r.DetailMode:2]]
[2020.02.14-13.42.46:537][  0]LogConfig: Setting CVar [[r.TranslucencyVolumeBlur:1]]
[2020.02.14-13.42.46:537][  0]LogConfig: Setting CVar [[r.MaterialQualityLevel:1 ; High quality]]
[2020.02.14-13.42.46:537][  0]LogConfig: Setting CVar [[r.SSS.Scale:1]]
[2020.02.14-13.42.46:537][  0]LogConfig: Setting CVar [[r.SSS.SampleSet:2]]
[2020.02.14-13.42.46:537][  0]LogConfig: Setting CVar [[r.SSS.Quality:1]]
[2020.02.14-13.42.46:537][  0]LogConfig: Setting CVar [[r.SSS.HalfRes:1]]
[2020.02.14-13.42.46:537][  0]LogConfig: Setting CVar [[r.EmitterSpawnRateScale:1.0]]
[2020.02.14-13.42.46:537][  0]LogConfig: Setting CVar [[r.ParticleLightQuality:2]]
[2020.02.14-13.42.46:537][  0]LogConfig: Applying CVar settings from Section [FoliageQuality@3] File [C:/Users/IanStJohn/Documents/GitHub/Nite-Of-The-Living-Dead/NiteOfTheLivingDead/NiteOfTheLivingDead/Saved/Config/Windows/Scalability.ini]
[2020.02.14-13.42.46:537][  0]LogConfig: Setting CVar [[foliage.DensityScale:1.0]]
[2020.02.14-13.42.46:537][  0]LogConfig: Setting CVar [[grass.DensityScale:1.0]]
[2020.02.14-13.42.46:537][  0]LogConfig: Applying CVar settings from Section [Startup] File [../../../Engine/Config/ConsoleVariables.ini]
[2020.02.14-13.42.46:548][  0]LogConfig: Setting CVar [[net.UseAdaptiveNetUpdateFrequency:0]]
[2020.02.14-13.42.46:548][  0]LogConfig: Setting CVar [[p.chaos.AllowCreatePhysxBodies:1]]
[2020.02.14-13.42.46:548][  0]LogConfig: Applying CVar settings from Section [ConsoleVariables] File [C:/Users/IanStJohn/Documents/GitHub/Nite-Of-The-Living-Dead/NiteOfTheLivingDead/NiteOfTheLivingDead/Saved/Config/Windows/Engine.ini]
[2020.02.14-13.42.46:587][  0]LogInit: Computer: BA-PK1216R
[2020.02.14-13.42.46:587][  0]LogInit: User: IanStJohn
[2020.02.14-13.42.46:587][  0]LogInit: CPU Page size=4096, Cores=2
[2020.02.14-13.42.46:587][  0]LogInit: High frequency timer resolution =10.000000 MHz
[2020.02.14-13.42.46:588][  0]LogMemory: Memory total: Physical=7.8GB (8GB approx)
[2020.02.14-13.42.46:588][  0]LogMemory: Platform Memory Stats for Windows
[2020.02.14-13.42.46:588][  0]LogMemory: Process Physical Memory: 104.83 MB used, 104.83 MB peak
[2020.02.14-13.42.46:588][  0]LogMemory: Process Virtual Memory: 98.50 MB used, 98.50 MB peak
[2020.02.14-13.42.46:588][  0]LogMemory: Physical Memory: 6457.48 MB used,  1553.38 MB free, 8010.86 MB total
[2020.02.14-13.42.46:588][  0]LogMemory: Virtual Memory: 4650.55 MB used,  134213080.00 MB free, 134217728.00 MB total
[2020.02.14-13.42.46:687][  0]LogWindows: WindowsPlatformFeatures enabled
[2020.02.14-13.42.48:304][  0]LogInit: Using OS detected language (en-US).
[2020.02.14-13.42.48:304][  0]LogInit: Using OS detected locale (en-US).
[2020.02.14-13.42.48:556][  0]LogTextLocalizationManager: No specific localization for 'en-US' exists, so the 'en' localization will be used.
[2020.02.14-13.42.50:863][  0]LogInit: Setting process to per monitor DPI aware
[2020.02.14-13.42.52:120][  0]LogSlate: New Slate User Created.  User Index 0, Is Virtual User: 0
[2020.02.14-13.42.52:120][  0]LogSlate: Slate User Registered.  User Index 0, Is Virtual User: 0
[2020.02.14-13.43.01:227][  0]LogHMD: Failed to initialize OpenVR with code 110
[2020.02.14-13.43.01:227][  0]LogD3D11RHI: D3D11 adapters:
[2020.02.14-13.43.01:712][  0]LogD3D11RHI:    0. 'NVIDIA NVS 5400M' (Feature Level 11_0)
[2020.02.14-13.43.01:712][  0]LogD3D11RHI:       979/0/4005 MB DedicatedVideo/DedicatedSystem/SharedSystem, Outputs:1, VendorId:0x10de
[2020.02.14-13.43.01:963][  0]LogD3D11RHI:    1. 'Intel(R) HD Graphics 4000' (Feature Level 11_0)
[2020.02.14-13.43.01:963][  0]LogD3D11RHI:       32/0/1760 MB DedicatedVideo/DedicatedSystem/SharedSystem, Outputs:0, VendorId:0x8086
[2020.02.14-13.43.02:048][  0]LogD3D11RHI:    2. 'Microsoft Basic Render Driver' (Feature Level 11_0)
[2020.02.14-13.43.02:048][  0]LogD3D11RHI:       0/0/4005 MB DedicatedVideo/DedicatedSystem/SharedSystem, Outputs:0, VendorId:0x1414
[2020.02.14-13.43.02:048][  0]LogD3D11RHI: Chosen D3D11 Adapter: 0
[2020.02.14-13.43.02:076][  0]LogD3D11RHI: Creating new Direct3DDevice
[2020.02.14-13.43.02:079][  0]LogD3D11RHI:     GPU DeviceId: 0xdef (for the marketing name, search the web for "GPU Device Id")
[2020.02.14-13.43.02:079][  0]LogWindows: EnumDisplayDevices:
[2020.02.14-13.43.02:079][  0]LogWindows:    0. 'Intel(R) HD Graphics 4000' (P:1 D:1)
[2020.02.14-13.43.02:079][  0]LogWindows:    1. 'Intel(R) HD Graphics 4000' (P:0 D:0)
[2020.02.14-13.43.02:080][  0]LogWindows:    2. 'Intel(R) HD Graphics 4000' (P:0 D:0)
[2020.02.14-13.43.02:080][  0]LogWindows:    3. 'NVIDIA NVS 5400M' (P:0 D:0)
[2020.02.14-13.43.02:080][  0]LogWindows:    4. 'NVIDIA NVS 5400M' (P:0 D:0)
[2020.02.14-13.43.02:081][  0]LogWindows: DebugString: PrimaryIsNotTheChoosenAdapter PrimaryIsNotTheChoosenAdapter PrimaryIsNotTheChoosenAdapter FoundDriverCount:2 
[2020.02.14-13.43.02:081][  0]LogD3D11RHI:     Adapter Name: NVIDIA NVS 5400M
[2020.02.14-13.43.02:081][  0]LogD3D11RHI:   Driver Version: 389.08 (internal:23.21.13.8908, unified:389.08)
[2020.02.14-13.43.02:081][  0]LogD3D11RHI:      Driver Date: 2-27-2018
[2020.02.14-13.43.02:081][  0]LogRHI: Texture pool is 685 MB (70% of 979 MB)
[2020.02.14-13.43.02:295][  0]LogD3D11RHI: Display: Timestamp queries are currently disabled on this hardware due to instability. Realtime GPU stats will not be available. You can override this behaviour by setting r.NVIDIATimestampWorkaround to 0
[2020.02.14-13.43.02:295][  0]LogD3D11RHI: Async texture creation enabled
[2020.02.14-13.43.02:530][  0]LogD3D11RHI: GPU Timing Frequency: 1000.000000 (Debug: 2 1)
[2020.02.14-13.43.09:615][  0]LogTemp: Display: Module 'AllDesktopTargetPlatform' loaded TargetPlatform 'AllDesktop'
[2020.02.14-13.43.09:664][  0]LogTemp: Display: Module 'MacClientTargetPlatform' loaded TargetPlatform 'MacClient'
[2020.02.14-13.43.09:723][  0]LogTemp: Display: Module 'MacNoEditorTargetPlatform' loaded TargetPlatform 'MacNoEditor'
[2020.02.14-13.43.09:763][  0]LogTemp: Display: Module 'MacServerTargetPlatform' loaded TargetPlatform 'MacServer'
[2020.02.14-13.43.09:964][  0]LogTemp: Display: Module 'MacTargetPlatform' loaded TargetPlatform 'Mac'
[2020.02.14-13.43.10:016][  0]LogTemp: Display: Module 'WindowsClientTargetPlatform' loaded TargetPlatform 'WindowsClient'
[2020.02.14-13.43.10:048][  0]LogTemp: Display: Module 'WindowsNoEditorTargetPlatform' loaded TargetPlatform 'WindowsNoEditor'
[2020.02.14-13.43.10:082][  0]LogTemp: Display: Module 'WindowsServerTargetPlatform' loaded TargetPlatform 'WindowsServer'
[2020.02.14-13.43.10:114][  0]LogTemp: Display: Module 'WindowsTargetPlatform' loaded TargetPlatform 'Windows'
[2020.02.14-13.43.10:332][  0]LogTemp: Display: Module 'AndroidTargetPlatform' loaded TargetPlatform 'Android'
[2020.02.14-13.43.10:332][  0]LogTemp: Display: Module 'AndroidTargetPlatform' loaded TargetPlatform 'Android_ASTC'
[2020.02.14-13.43.10:332][  0]LogTemp: Display: Module 'AndroidTargetPlatform' loaded TargetPlatform 'Android_ATC'
[2020.02.14-13.43.10:332][  0]LogTemp: Display: Module 'AndroidTargetPlatform' loaded TargetPlatform 'Android_DXT'
[2020.02.14-13.43.10:332][  0]LogTemp: Display: Module 'AndroidTargetPlatform' loaded TargetPlatform 'Android_ETC1'
[2020.02.14-13.43.10:332][  0]LogTemp: Display: Module 'AndroidTargetPlatform' loaded TargetPlatform 'Android_ETC1a'
[2020.02.14-13.43.10:332][  0]LogTemp: Display: Module 'AndroidTargetPlatform' loaded TargetPlatform 'Android_ETC2'
[2020.02.14-13.43.10:332][  0]LogTemp: Display: Module 'AndroidTargetPlatform' loaded TargetPlatform 'Android_PVRTC'
[2020.02.14-13.43.10:332][  0]LogTemp: Display: Module 'AndroidTargetPlatform' loaded TargetPlatform 'AndroidClient'
[2020.02.14-13.43.10:333][  0]LogTemp: Display: Module 'AndroidTargetPlatform' loaded TargetPlatform 'Android_ASTCClient'
[2020.02.14-13.43.10:333][  0]LogTemp: Display: Module 'AndroidTargetPlatform' loaded TargetPlatform 'Android_ATCClient'
[2020.02.14-13.43.10:333][  0]LogTemp: Display: Module 'AndroidTargetPlatform' loaded TargetPlatform 'Android_DXTClient'
[2020.02.14-13.43.10:333][  0]LogTemp: Display: Module 'AndroidTargetPlatform' loaded TargetPlatform 'Android_ETC1Client'
[2020.02.14-13.43.10:333][  0]LogTemp: Display: Module 'AndroidTargetPlatform' loaded TargetPlatform 'Android_ETC1aClient'
[2020.02.14-13.43.10:333][  0]LogTemp: Display: Module 'AndroidTargetPlatform' loaded TargetPlatform 'Android_ETC2Client'
[2020.02.14-13.43.10:333][  0]LogTemp: Display: Module 'AndroidTargetPlatform' loaded TargetPlatform 'Android_PVRTCClient'
[2020.02.14-13.43.10:333][  0]LogTemp: Display: Module 'AndroidTargetPlatform' loaded TargetPlatform 'Android_Multi'
[2020.02.14-13.43.10:333][  0]LogTemp: Display: Module 'AndroidTargetPlatform' loaded TargetPlatform 'Android_MultiClient'
[2020.02.14-13.43.10:364][  0]LogTemp: Display: Module 'HTML5TargetPlatform' loaded TargetPlatform 'HTML5'
[2020.02.14-13.43.10:544][  0]LogTemp: Display: Module 'IOSTargetPlatform' loaded TargetPlatform 'IOSClient'
[2020.02.14-13.43.10:544][  0]LogTemp: Display: Module 'IOSTargetPlatform' loaded TargetPlatform 'IOS'
[2020.02.14-13.43.10:625][  0]LogTemp: Display: Module 'TVOSTargetPlatform' loaded TargetPlatform 'TVOSClient'
[2020.02.14-13.43.10:625][  0]LogTemp: Display: Module 'TVOSTargetPlatform' loaded TargetPlatform 'TVOS'
[2020.02.14-13.43.10:847][  0]LogTemp: Display: Module 'LinuxClientTargetPlatform' loaded TargetPlatform 'LinuxClient'
[2020.02.14-13.43.10:914][  0]LogTemp: Display: Module 'LinuxNoEditorTargetPlatform' loaded TargetPlatform 'LinuxNoEditor'
[2020.02.14-13.43.11:008][  0]LogTemp: Display: Module 'LinuxServerTargetPlatform' loaded TargetPlatform 'LinuxServer'
[2020.02.14-13.43.11:224][  0]LogTemp: Display: Module 'LinuxTargetPlatform' loaded TargetPlatform 'Linux'
[2020.02.14-13.43.11:365][  0]LogTemp: Display: Module 'LuminTargetPlatform' loaded TargetPlatform 'Lumin'
[2020.02.14-13.43.11:365][  0]LogTemp: Display: Module 'LuminTargetPlatform' loaded TargetPlatform 'LuminClient'
[2020.02.14-13.43.11:366][  0]LogTargetPlatformManager: Display: Building Assets For Windows
[2020.02.14-13.43.11:767][  0]LogAudioDebug: Display: Lib vorbis DLL was dynamically loaded.
[2020.02.14-13.43.12:758][  0]LogShaderCompilers: Guid format shader working directory is -59 characters bigger than the processId version (../../../../Users/IanStJohn/Documents/GitHub/Nite-Of-The-Living-Dead/NiteOfTheLivingDead/NiteOfTheLivingDead/Intermediate/Shaders/WorkingDirectory/16552/).
[2020.02.14-13.43.12:758][  0]LogShaderCompilers: Cleaned the shader compiler working directory 'C:/Users/IanStJohn/AppData/Local/Temp/UnrealShaderWorkingDir/E3AB933349AD64A5EA47B1AE78398B00/'.
[2020.02.14-13.43.12:914][  0]LogXGEController: Cannot use XGE Controller as Incredibuild is not installed on this machine.
[2020.02.14-13.43.12:914][  0]LogShaderCompilers: Cannot use XGE Shader Compiler as Incredibuild is not installed on this machine.
[2020.02.14-13.43.12:914][  0]LogShaderCompilers: Display: Using Local Shader Compiler.
[2020.02.14-13.43.29:466][  0]LogDerivedDataCache: Display: Max Cache Size: 512 MB
[2020.02.14-13.43.30:450][  0]LogDerivedDataCache: Loaded boot cache 0.97s 73MB C:/Users/IanStJohn/AppData/Local/UnrealEngine/4.23/DerivedDataCache/Boot.ddc.
[2020.02.14-13.43.30:450][  0]LogDerivedDataCache: Display: Loaded Boot cache: C:/Users/IanStJohn/AppData/Local/UnrealEngine/4.23/DerivedDataCache/Boot.ddc
[2020.02.14-13.43.30:451][  0]LogDerivedDataCache: FDerivedDataBackendGraph:  Pak pak cache file ../../../../Users/IanStJohn/Documents/GitHub/Nite-Of-The-Living-Dead/NiteOfTheLivingDead/NiteOfTheLivingDead/DerivedDataCache/DDC.ddp not found, will not use a pak cache.
[2020.02.14-13.43.30:451][  0]LogDerivedDataCache: Unable to find inner node Pak for hierarchical cache Hierarchy.
[2020.02.14-13.43.30:451][  0]LogDerivedDataCache: FDerivedDataBackendGraph:  CompressedPak pak cache file ../../../../Users/IanStJohn/Documents/GitHub/Nite-Of-The-Living-Dead/NiteOfTheLivingDead/NiteOfTheLivingDead/DerivedDataCache/Compressed.ddp not found, will not use a pak cache.
[2020.02.14-13.43.30:451][  0]LogDerivedDataCache: Unable to find inner node CompressedPak for hierarchical cache Hierarchy.
[2020.02.14-13.43.30:626][  0]LogDerivedDataCache: Display: Pak cache opened for reading ../../../Engine/DerivedDataCache/Compressed.ddp.
[2020.02.14-13.43.30:626][  0]LogDerivedDataCache: FDerivedDataBackendGraph:  EnterprisePak pak cache file ../../../Enterprise/DerivedDataCache/Compressed.ddp not found, will not use a pak cache.
[2020.02.14-13.43.30:626][  0]LogDerivedDataCache: Unable to find inner node EnterprisePak for hierarchical cache Hierarchy.
[2020.02.14-13.43.30:689][  0]LogDerivedDataCache: Using Local data cache path C:/Users/IanStJohn/AppData/Local/UnrealEngine/Common/DerivedDataCache: Writable
[2020.02.14-13.43.30:690][  0]LogDerivedDataCache: Shared data cache path not found in *engine.ini, will not use an Shared cache.
[2020.02.14-13.43.30:690][  0]LogDerivedDataCache: Unable to find inner node Shared for hierarchical cache Hierarchy.
[2020.02.14-13.43.30:798][  0]LogMaterial: Verifying Global Shaders for PCD3D_SM5
[2020.02.14-13.43.30:975][  0]LogSlate: Using FreeType 2.6.0
[2020.02.14-13.43.31:154][  0]LogSlate: SlateFontServices - WITH_FREETYPE: 1, WITH_HARFBUZZ: 1
[2020.02.14-13.43.33:667][  0]LogAssetRegistry: FAssetRegistry took 0.0211 seconds to start up
[2020.02.14-13.43.44:433][  0]LogInit: Selected Device Profile: [Windows]
[2020.02.14-13.43.53:168][  0]LogMeshReduction: Using QuadricMeshReduction for automatic static mesh reduction
[2020.02.14-13.43.53:168][  0]LogMeshReduction: Using SimplygonMeshReduction for automatic skeletal mesh reduction
[2020.02.14-13.43.53:168][  0]LogMeshReduction: Using ProxyLODMeshReduction for automatic mesh merging
[2020.02.14-13.43.53:169][  0]LogMeshReduction: No distributed automatic mesh merging module available
[2020.02.14-13.43.53:258][  0]LogMeshMerging: No distributed automatic mesh merging module available
[2020.02.14-13.43.54:357][  0]LogNetVersion: NiteOfTheLivingDead 1.0.0, NetCL: 8386587, EngineNetVer: 11, GameNetVer: 0 (Checksum: 3089816996)
[2020.02.14-13.44.04:324][  0]LogPackageLocalizationCache: Processed 12 localized package path(s) for 1 prioritized culture(s) in 0.308641 seconds
[2020.02.14-13.44.04:337][  0]LogUObjectArray: 43444 objects as part of root set at end of initial load.
[2020.02.14-13.44.04:337][  0]LogUObjectAllocator: 7548648 out of 0 bytes used by permanent object pool.
[2020.02.14-13.44.04:337][  0]LogUObjectArray: CloseDisregardForGC: 0/0 objects in disregard for GC pool
[2020.02.14-13.44.29:240][  0]LogTcpMessaging: Initializing TcpMessaging bridge
[2020.02.14-13.44.29:277][  0]LogUdpMessaging: Initializing bridge on interface 0.0.0.0:0 to multicast group 230.0.0.1:6666.
[2020.02.14-13.44.30:027][  0]SourceControl: Source control is disabled
[2020.02.14-13.44.30:039][  0]SourceControl: Source control is disabled
[2020.02.14-13.44.30:231][  0]SourceControl: Source control is disabled
[2020.02.14-13.44.30:244][  0]SourceControl: Source control is disabled
[2020.02.14-13.44.32:151][  0]LogAndroidPermission: UAndroidPermissionCallbackProxy::GetInstance
[2020.02.14-13.44.33:133][  0]LogOcInput: OculusInput pre-init called
[2020.02.14-13.44.33:285][  0]LogWindows: Failed to load 'OVRPlugin.dll' (GetLastError=126)
[2020.02.14-13.44.33:286][  0]LogWindows: File 'OVRPlugin.dll' does not exist
[2020.02.14-13.44.34:649][  0]LogEngine: Initializing Engine...
[2020.02.14-13.44.34:650][  0]LogHMD: Failed to initialize OpenVR with code 110
[2020.02.14-13.44.34:668][  0]LogStats: UGameplayTagsManager::InitializeManager -  0.017 s
[2020.02.14-13.44.38:867][  0]LogInit: Initializing FReadOnlyCVARCache
[2020.02.14-13.44.46:791][  0]LogAIModule: Creating AISystem for world Untitled
[2020.02.14-13.44.49:951][  0]LogInit: XAudio2 using 'Speaker/HP (Realtek High Definition Audio)' : 2 channels at 48 kHz using 32 bits per sample (channel mask 0x3)
[2020.02.14-13.44.50:581][  0]LogInit: FAudioDevice initialized.
[2020.02.14-13.44.50:623][  0]LogNetVersion: Set ProjectVersion to 1.0.0.0. Version Checksum will be recalculated on next use.
[2020.02.14-13.44.53:671][  0]LogDerivedDataCache: Saved boot cache 3.05s 73MB C:/Users/IanStJohn/AppData/Local/UnrealEngine/4.23/DerivedDataCache/Boot.ddc.
[2020.02.14-13.44.53:679][  0]LogInit: Texture streaming: Enabled
[2020.02.14-13.44.55:852][  0]LogEngineSessionManager: EngineSessionManager initialized
[2020.02.14-13.44.55:852][  0]LogEngineSessionManager: EngineSessionManager sent abnormal shutdown report. Type=AbnormalShutdown, SessionId={CA957CC9-4B1A-AB3D-2686-14A4D6E41B69}
[2020.02.14-13.44.55:897][  0]LogEditorSessionSummary: Verbose: Initializing EditorSessionSummaryWriter for editor session tracking
[2020.02.14-13.44.56:360][  0]LogEditorSessionSummary: EditorSessionSummaryWriter initialized
[2020.02.14-13.45.00:613][  0]LogInit: Transaction tracking system initialized
[2020.02.14-13.45.03:375][  0]BlueprintLog: New page: Editor Load
[2020.02.14-13.45.09:951][  0]LocalizationService: Localization service is disabled
[2020.02.14-13.45.21:497][  0]LogFileCache: Scanning file cache for directory 'C:/Users/IanStJohn/Documents/GitHub/Nite-Of-The-Living-Dead/NiteOfTheLivingDead/NiteOfTheLivingDead/Content/' took 0.10s
[2020.02.14-13.45.21:497][  0]LogCook: Display: Max memory allowance for cook 16384mb min free memory 0mb
[2020.02.14-13.45.21:497][  0]LogCook: Display: Mobile HDR setting 1
[2020.02.14-13.45.27:099][  0]SourceControl: Source control is disabled
[2020.02.14-13.45.28:622][  0]LogSlate: Took 0.114790 seconds to synchronously load lazily loaded font '../../../Engine/Content/Slate/Fonts/Roboto-Regular.ttf' (155K)
[2020.02.14-13.45.50:223][  0]LogSlate: Window 'Restore Packages' being destroyed
[2020.02.14-13.45.50:249][  0]LogWindowsTextInputMethodSystem: Display: IME system now deactivated.
[2020.02.14-13.45.50:508][  0]LogWindowsTextInputMethodSystem: Display: IME system now deactivated.
[2020.02.14-13.45.50:732][  0]LightingResults: New page: Lighting Build
[2020.02.14-13.45.50:815][  0]LogWorld: UWorld::CleanupWorld for Untitled, bSessionEnded=true, bCleanupResources=true
[2020.02.14-13.45.50:815][  0]MapCheck: New page: Map Check
[2020.02.14-13.45.50:815][  0]LightingResults: New page: Lighting Build
[2020.02.14-13.45.50:837][  0]LogUObjectHash: Compacting FUObjectHashTables data took   2.91ms
[2020.02.14-13.45.59:688][  0]LogClass: Warning: Enum '/Game/InventorySystem/Blueprints/Inventory/EquipmentSlots.EquipmentSlots' was upgraded to use FText to store its display name data. Please re-save this asset to avoid issues with localization and determinstic cooking.
[2020.02.14-13.46.00:693][  0]LogClass: Warning: Enum '/Game/InventorySystem/Blueprints/Inventory/ItemQuality.ItemQuality' was upgraded to use FText to store its display name data. Please re-save this asset to avoid issues with localization and determinstic cooking.
[2020.02.14-13.46.01:285][  0]LogClass: Warning: Enum '/Game/InventorySystem/Blueprints/Inventory/EquipmentType.EquipmentType' was upgraded to use FText to store its display name data. Please re-save this asset to avoid issues with localization and determinstic cooking.
[2020.02.14-13.46.17:257][  0]LogClass: Warning: Enum '/Game/InventorySystem/Blueprints/Inventory/ItemType.ItemType' was upgraded to use FText to store its display name data. Please re-save this asset to avoid issues with localization and determinstic cooking.
[2020.02.14-13.46.17:652][  0]LogBlueprint: Warning: [Compiler InventoryManagerComponent] Add Torque : Usage of 'Add Torque' has been deprecated. Use AddTorqueInRadians instead
[2020.02.14-13.46.18:269][  0]LogLinker: Warning: While loading '../../../../Users/IanStJohn/Documents/GitHub/Nite-Of-The-Living-Dead/NiteOfTheLivingDead/NiteOfTheLivingDead/Content/ThirdPersonBP/Maps/ThirdPersonExampleMap.umap' failed to load '/Game/ThirdPersonBP/Maps/ThirdPersonExampleMap_BuiltData': Can't find file.
[2020.02.14-13.46.18:270][  0]LogLinker: Warning: While loading '../../../../Users/IanStJohn/Documents/GitHub/Nite-Of-The-Living-Dead/NiteOfTheLivingDead/NiteOfTheLivingDead/Content/ThirdPersonBP/Maps/ThirdPersonExampleMap.umap' failed to load '/Game/ThirdPersonBP/Maps/ThirdPersonExampleMap_BuiltData': Can't find file.
[2020.02.14-13.46.19:393][  0]LogLinker: Warning: While loading '../../../../Users/IanStJohn/Documents/GitHub/Nite-Of-The-Living-Dead/NiteOfTheLivingDead/NiteOfTheLivingDead/Content/ThirdPersonBP/Maps/ThirdPersonExampleMap.umap' failed to load '/Game/ThirdPersonBP/Maps/ThirdPersonExampleMap_BuiltData': Can't find file.
[2020.02.14-13.46.19:394][  0]LogLinker: Warning: While loading '../../../../Users/IanStJohn/Documents/GitHub/Nite-Of-The-Living-Dead/NiteOfTheLivingDead/NiteOfTheLivingDead/Content/ThirdPersonBP/Maps/ThirdPersonExampleMap.umap' failed to load '/Game/ThirdPersonBP/Maps/ThirdPersonExampleMap_BuiltData': Can't find file.
[2020.02.14-13.46.19:415][  0]LogLinker: Warning: Failed to load '/Game/ThirdPersonBP/Maps/ThirdPersonExampleMap_BuiltData': Can't find file.
[2020.02.14-13.46.19:415][  0]LogLinker: Warning: Failed to load '/Game/ThirdPersonBP/Maps/ThirdPersonExampleMap_BuiltData': Can't find file.
[2020.02.14-13.46.19:416][  0]LogLinker: Warning: Failed to load '/Game/ThirdPersonBP/Maps/ThirdPersonExampleMap_BuiltData': Can't find file.
[2020.02.14-13.46.19:417][  0]LogLinker: Warning: Failed to load '/Game/ThirdPersonBP/Maps/ThirdPersonExampleMap_BuiltData': Can't find file.
[2020.02.14-13.46.40:977][  0]LogLinker: Warning: While loading '../../../../Users/IanStJohn/Documents/GitHub/Nite-Of-The-Living-Dead/NiteOfTheLivingDead/NiteOfTheLivingDead/Content/ThirdPersonBP/Maps/ThirdPersonExampleMap.umap' failed to load '/Game/ThirdPersonBP/Maps/ThirdPersonExampleMap_BuiltData': Can't find file.
[2020.02.14-13.46.40:977][  0]LoadErrors: Failed to load /Game/ThirdPersonBP/Maps/ThirdPersonExampleMap_BuiltData.ThirdPersonExampleMap_BuiltData Referenced by PersistentLevel
[2020.02.14-13.46.40:977][  0]LogLinker: Warning: While loading '../../../../Users/IanStJohn/Documents/GitHub/Nite-Of-The-Living-Dead/NiteOfTheLivingDead/NiteOfTheLivingDead/Content/ThirdPersonBP/Maps/ThirdPersonExampleMap.umap' failed to load '/Game/ThirdPersonBP/Maps/ThirdPersonExampleMap_BuiltData': Can't find file.
[2020.02.14-13.46.40:978][  0]LoadErrors: Failed to load /Game/ThirdPersonBP/Maps/ThirdPersonExampleMap_BuiltData.ThirdPersonExampleMap_BuiltData Referenced by PersistentLevel
[2020.02.14-13.47.12:777][  0]LogClass: Warning: Enum '/Game/InventorySystem/Blueprints/Demo/Classes.Classes' was upgraded to use FText to store its display name data. Please re-save this asset to avoid issues with localization and determinstic cooking.
[2020.02.14-13.47.13:018][  0]LogClass: Warning: Enum '/Game/InventorySystem/Blueprints/Inventory/EquipmentSlotType.EquipmentSlotType' was upgraded to use FText to store its display name data. Please re-save this asset to avoid issues with localization and determinstic cooking.
[2020.02.14-13.47.13:969][  0]LogAIModule: Creating AISystem for world ThirdPersonExampleMap
[2020.02.14-13.47.14:336][  0]LogEditorServer: Finished looking for orphan Actors (0.000 secs)
[2020.02.14-13.47.14:413][  0]LogUObjectHash: Compacting FUObjectHashTables data took   5.43ms
[2020.02.14-13.47.14:414][  0]Cmd: MAP CHECKDEP NOCLEARLOG
[2020.02.14-13.47.14:415][  0]MapCheck: Map check complete: 0 Error(s), 0 Warning(s), took 0.589ms to complete.
[2020.02.14-13.47.14:415][  0]LogFileHelpers: Loading map 'ThirdPersonExampleMap' took 83.905
[2020.02.14-13.47.16:569][  0]LogSlate: Updating window title bar state: overlay mode, drag disabled, window buttons hidden, title bar hidden
[2020.02.14-13.47.16:631][  0]LogSlate: Updating window title bar state: overlay mode, drag disabled, window buttons hidden, title bar hidden
[2020.02.14-13.47.16:643][  0]LogSlate: Updating window title bar state: overlay mode, drag disabled, window buttons hidden, title bar hidden
[2020.02.14-13.47.16:654][  0]LogSlate: Updating window title bar state: overlay mode, drag disabled, window buttons hidden, title bar hidden
[2020.02.14-13.47.16:966][  0]LogCollectionManager: Loaded 0 collections in 0.003674 seconds
[2020.02.14-13.47.17:260][  0]LogFileCache: Scanning file cache for directory 'C:/Users/IanStJohn/Documents/GitHub/Nite-Of-The-Living-Dead/NiteOfTheLivingDead/NiteOfTheLivingDead/Saved/Collections/' took 0.00s
[2020.02.14-13.47.17:260][  0]LogFileCache: Scanning file cache for directory 'C:/Users/IanStJohn/Documents/GitHub/Nite-Of-The-Living-Dead/NiteOfTheLivingDead/NiteOfTheLivingDead/Content/Developers/IanStJohn/Collections/' took 0.00s
[2020.02.14-13.47.17:260][  0]LogFileCache: Scanning file cache for directory 'C:/Users/IanStJohn/Documents/GitHub/Nite-Of-The-Living-Dead/NiteOfTheLivingDead/NiteOfTheLivingDead/Content/Collections/' took 0.00s
[2020.02.14-13.47.17:260][  0]LogCollectionManager: Rebuilt the GUID cache for 0 collections in 0.000003 seconds
[2020.02.14-13.47.17:281][  0]LogContentBrowser: Native class hierarchy populated in 0.0114 seconds. Added 2864 classes and 682 folders.
[2020.02.14-13.47.17:478][  0]LogContentBrowser: Native class hierarchy updated for 'WidgetCarousel' in 0.0012 seconds. Added 0 classes and 0 folders.
[2020.02.14-13.47.20:552][  0]LogContentBrowser: Native class hierarchy updated for 'AddContentDialog' in 0.0009 seconds. Added 0 classes and 0 folders.
[2020.02.14-13.47.23:165][  0]LogSlate: Took 0.000593 seconds to synchronously load lazily loaded font '../../../Engine/Content/Slate/Fonts/Roboto-Bold.ttf' (160K)
[2020.02.14-13.47.23:344][  0]LogSlate: Took 0.113454 seconds to synchronously load lazily loaded font '../../../Engine/Content/Editor/Slate/Fonts/FontAwesome.ttf' (139K)
[2020.02.14-13.47.25:525][  0]LogRenderer: Reallocating scene render targets to support 896x504 Format 10 NumSamples 1 (Frame:1).
[2020.02.14-13.47.27:269][  0]LogContentBrowser: Native class hierarchy updated for 'HierarchicalLODOutliner' in 0.0010 seconds. Added 0 classes and 0 folders.
[2020.02.14-13.47.27:269][  0]LogLoad: (Engine Initialization) Total time: 352.62 seconds
[2020.02.14-13.47.27:269][  0]LogLoad: (Engine Initialization) Total Blueprint compile time: 0.00 seconds
[2020.02.14-13.47.27:531][  0]LogContentStreaming: Texture pool size now 1000 MB
[2020.02.14-13.47.27:649][  0]LogInit: XAudio2 using 'Headphones (Jib+ Stereo)' : 2 channels at 44.1 kHz using 16 bits per sample (channel mask 0x3)
[2020.02.14-13.47.27:669][  0]LogSlate: FSceneViewport::OnFocusLost() reason 5
[2020.02.14-13.47.28:012][  0]LogSlate: Took 0.119055 seconds to synchronously load lazily loaded font '../../../Engine/Content/Slate/Fonts/Roboto-Light.ttf' (167K)
[2020.02.14-13.47.31:425][ 32]LogAssetRegistry: Asset discovery search completed in 237.7597 seconds
[2020.02.14-13.47.31:430][ 32]LogCollectionManager: Rebuilt the object cache for 0 collections in 0.000007 seconds (found 0 objects)
[2020.02.14-13.47.31:430][ 32]LogCollectionManager: Fixed up redirectors for 0 collections in 0.000105 seconds (updated 0 objects)
[2020.02.14-13.47.31:670][ 33]LogSlate: Window 'Message Log' being destroyed
[2020.02.14-13.47.31:682][ 33]LogSlate: Window 'Message Log' being destroyed
[2020.02.14-13.47.33:664][148]LogSlate: FSceneViewport::OnFocusLost() reason 0
[2020.02.14-13.47.33:719][153]LogTemp: Repeating last play command: Selected Viewport
[2020.02.14-13.47.34:596][153]LogBlueprintUserMessages: Early PlayInEditor Detection: Level '/Game/ThirdPersonBP/Maps/ThirdPersonExampleMap.ThirdPersonExampleMap:PersistentLevel' has LevelScriptBlueprint '/Game/ThirdPersonBP/Maps/ThirdPersonExampleMap.ThirdPersonExampleMap:PersistentLevel.ThirdPersonExampleMap' with GeneratedClass '/Game/ThirdPersonBP/Maps/ThirdPersonExampleMap.ThirdPersonExampleMap_C' with ClassGeneratedBy '/Game/ThirdPersonBP/Maps/ThirdPersonExampleMap.ThirdPersonExampleMap:PersistentLevel.ThirdPersonExampleMap'
[2020.02.14-13.47.34:872][153]LogPlayLevel: PlayLevel: No blueprints needed recompiling
[2020.02.14-13.47.35:508][153]PIE: New page: PIE session: ThirdPersonExampleMap (Feb 14, 2020, 3:47:34 AM)
[2020.02.14-13.47.35:519][153]LogOnline: OSS: Creating online subsystem instance for: NULL
[2020.02.14-13.47.35:551][153]LogPlayLevel: Creating play world package: /Game/ThirdPersonBP/Maps/UEDPIE_0_ThirdPersonExampleMap
[2020.02.14-13.47.35:697][153]LogPlayLevel: PIE: StaticDuplicateObject took: (0.146469s)
[2020.02.14-13.47.35:698][153]LogAIModule: Creating AISystem for world ThirdPersonExampleMap
[2020.02.14-13.47.35:714][153]LogPlayLevel: PIE: World Init took: (0.017195s)
[2020.02.14-13.47.35:714][153]LogPlayLevel: PIE: Created PIE world by copying editor world from /Game/ThirdPersonBP/Maps/ThirdPersonExampleMap.ThirdPersonExampleMap to /Game/ThirdPersonBP/Maps/UEDPIE_0_ThirdPersonExampleMap.ThirdPersonExampleMap (0.164110s)
[2020.02.14-13.47.35:767][153]LogUObjectHash: Compacting FUObjectHashTables data took   3.26ms
[2020.02.14-13.47.35:869][153]LogInit: XAudio2 using 'Headphones (Jib+ Stereo)' : 2 channels at 44.1 kHz using 16 bits per sample (channel mask 0x3)
[2020.02.14-13.47.35:884][153]LogInit: FAudioDevice initialized.
[2020.02.14-13.47.36:007][153]LogLoad: Game class is 'InventoryGameMode_C'
[2020.02.14-13.47.36:212][153]LogWorld: Bringing World /Game/ThirdPersonBP/Maps/UEDPIE_0_ThirdPersonExampleMap.ThirdPersonExampleMap up for play (max tick rate 0) at 2020.02.14-08.47.36
[2020.02.14-13.47.36:313][153]LogWorld: Bringing up level for play took: 0.102889
[2020.02.14-13.47.36:322][153]LogOnline: OSS: Creating online subsystem instance for: :Context_1
[2020.02.14-13.47.36:635][153]LogContentBrowser: Native class hierarchy updated for 'MovieSceneCapture' in 0.0018 seconds. Added 20 classes and 0 folders.
[2020.02.14-13.47.36:636][153]LogGameMode: Display: Match State Changed from EnteringMap to WaitingToStart
[2020.02.14-13.47.36:636][153]LogGameState: Match State Changed from EnteringMap to WaitingToStart
[2020.02.14-13.47.36:636][153]LogGameMode: Display: Match State Changed from WaitingToStart to InProgress
[2020.02.14-13.47.38:759][153]LogGameState: Match State Changed from WaitingToStart to InProgress
[2020.02.14-13.47.38:778][153]PIE: Play in editor start time for /Game/ThirdPersonBP/Maps/UEDPIE_0_ThirdPersonExampleMap 5.624
[2020.02.14-13.47.38:778][153]LogBlueprintUserMessages: Late PlayInEditor Detection: Level '/Game/ThirdPersonBP/Maps/ThirdPersonExampleMap.ThirdPersonExampleMap:PersistentLevel' has LevelScriptBlueprint '/Game/ThirdPersonBP/Maps/ThirdPersonExampleMap.ThirdPersonExampleMap:PersistentLevel.ThirdPersonExampleMap' with GeneratedClass '/Game/ThirdPersonBP/Maps/ThirdPersonExampleMap.ThirdPersonExampleMap_C' with ClassGeneratedBy '/Game/ThirdPersonBP/Maps/ThirdPersonExampleMap.ThirdPersonExampleMap:PersistentLevel.ThirdPersonExampleMap'
[2020.02.14-13.47.39:601][155]LogAnimation: Warning: AnimBP ThirdPerson_AnimBP_C is incompatible with skeleton SK_Mannequin_Skeleton, removing AnimBP from actor.
[2020.02.14-13.47.39:602][155]LogAnimation: Warning: AnimBP ThirdPerson_AnimBP_C is incompatible with skeleton SK_Mannequin_Skeleton, removing AnimBP from actor.
[2020.02.14-13.47.39:602][155]LogAnimation: Warning: AnimBP ThirdPerson_AnimBP_C is incompatible with skeleton SK_Mannequin_Skeleton, removing AnimBP from actor.
[2020.02.14-13.47.39:603][155]LogAnimation: Warning: AnimBP ThirdPerson_AnimBP_C is incompatible with skeleton SK_Equip_Ring_Skeleton, removing AnimBP from actor.
[2020.02.14-13.47.39:603][155]LogAnimation: Warning: AnimBP ThirdPerson_AnimBP_C is incompatible with skeleton SK_Equip_Ring_Skeleton, removing AnimBP from actor.
[2020.02.14-13.47.39:603][155]LogAnimation: Warning: AnimBP ThirdPerson_AnimBP_C is incompatible with skeleton SK_Mannequin_Skeleton, removing AnimBP from actor.
[2020.02.14-13.47.39:603][155]LogAnimation: Warning: AnimBP ThirdPerson_AnimBP_C is incompatible with skeleton SK_Weapon_Bone_Dagger_Skeleton, removing AnimBP from actor.
[2020.02.14-13.48.27:631][311]LogEditorSessionSummary: EditorSessionSummary sent report. Type=AbnormalShutdown, SessionId={CA957CC9-4B1A-AB3D-2686-14A4D6E41B69}
[2020.02.14-13.55.28:804][562]LogEditorSessionSummary: EditorSessionSummary sent report. Type=Shutdown, SessionId={01EF06CB-4BDC-0B7D-B011-44874E69B13A}
[2020.02.14-14.20.11:853][940]LogAudio: Warning: Current Audio Device with ID {0.0.0.00000000}.{8b69f0b5-e260-4042-bff2-3df57170eb00} was removed. Shutting down audio device.
[2020.02.14-14.20.11:854][940]LogAudio: Warning: Current Audio Device with ID {0.0.0.00000000}.{8b69f0b5-e260-4042-bff2-3df57170eb00} was removed. Shutting down audio device.
[2020.02.14-14.20.11:854][940]LogInit: XAudio2 using 'Speaker/HP (Realtek High Definition Audio)' : 2 channels at 48 kHz using 32 bits per sample (channel mask 0x3)
[2020.02.14-14.20.12:330][940]LogInit: XAudio2 using 'Speaker/HP (Realtek High Definition Audio)' : 2 channels at 48 kHz using 32 bits per sample (channel mask 0x3)
[2020.02.14-14.34.34:780][103]LogSlate: FSceneViewport::OnFocusLost() reason 0
[2020.02.14-14.34.34:866][104]LogBlueprintUserMessages: Early EndPlayMap Detection: Level '/Game/ThirdPersonBP/Maps/ThirdPersonExampleMap.ThirdPersonExampleMap:PersistentLevel' has LevelScriptBlueprint '/Game/ThirdPersonBP/Maps/ThirdPersonExampleMap.ThirdPersonExampleMap:PersistentLevel.ThirdPersonExampleMap' with GeneratedClass '/Game/ThirdPersonBP/Maps/ThirdPersonExampleMap.ThirdPersonExampleMap_C' with ClassGeneratedBy '/Game/ThirdPersonBP/Maps/ThirdPersonExampleMap.ThirdPersonExampleMap:PersistentLevel.ThirdPersonExampleMap'
[2020.02.14-14.34.35:196][104]LogSlate: Updating window title bar state: overlay mode, drag disabled, window buttons hidden, title bar hidden
[2020.02.14-14.34.35:215][104]LogWorld: BeginTearingDown for /Game/ThirdPersonBP/Maps/UEDPIE_0_ThirdPersonExampleMap
[2020.02.14-14.34.35:381][104]LogWorld: UWorld::CleanupWorld for ThirdPersonExampleMap, bSessionEnded=true, bCleanupResources=true
[2020.02.14-14.34.35:663][104]LogPlayLevel: Display: Shutting down PIE online subsystems
[2020.02.14-14.34.35:819][104]LogBlueprintUserMessages: Late EndPlayMap Detection: Level '/Game/ThirdPersonBP/Maps/ThirdPersonExampleMap.ThirdPersonExampleMap:PersistentLevel' has LevelScriptBlueprint '/Game/ThirdPersonBP/Maps/ThirdPersonExampleMap.ThirdPersonExampleMap:PersistentLevel.ThirdPersonExampleMap' with GeneratedClass '/Game/ThirdPersonBP/Maps/ThirdPersonExampleMap.ThirdPersonExampleMap_C' with ClassGeneratedBy '/Game/ThirdPersonBP/Maps/ThirdPersonExampleMap.ThirdPersonExampleMap:PersistentLevel.ThirdPersonExampleMap'
[2020.02.14-14.34.36:346][104]LogSlate: Updating window title bar state: overlay mode, drag disabled, window buttons hidden, title bar hidden
[2020.02.14-14.34.37:013][104]LogUObjectHash: Compacting FUObjectHashTables data took 292.56ms
[2020.02.14-14.34.38:114][105]LogPlayLevel: Display: Destroying online subsystem :Context_1
[2020.02.14-14.35.07:724][564]LogSlate: Took 0.055456 seconds to synchronously load lazily loaded font '../../../Engine/Content/Slate/Fonts/Roboto-Light.ttf' (167K)
[2020.02.14-14.35.08:016][564]LogAssetEditorManager: Opening Asset editor for DataTable /Game/InventorySystem/Items/ItemList.ItemList
[2020.02.14-14.35.39:036][118]LogSlate: Window 'ItemList' being destroyed
[2020.02.14-14.35.39:110][118]LogSlate: Window 'ItemList' being destroyed
[2020.02.14-14.35.47:885][666]LogAssetEditorManager: Opening Asset editor for Blueprint /Game/InventorySystem/Items/Blueprints/Food_Apple_Poisoned.Food_Apple_Poisoned
[2020.02.14-14.35.51:042][666]LogContentBrowser: Native class hierarchy updated for 'BlueprintGraph' in 0.0645 seconds. Added 121 classes and 0 folders.
[2020.02.14-14.36.30:206][  5]LogSlate: Window 'Food_Apple_Poisoned' being destroyed
[2020.02.14-14.36.30:212][  5]LogSlate: Window 'Food_Apple_Poisoned' being destroyed
[2020.02.14-14.36.30:325][  5]LogWorld: UWorld::CleanupWorld for World_3, bSessionEnded=true, bCleanupResources=true
[2020.02.14-14.36.34:070][110]LogAssetEditorManager: Opening Asset editor for Blueprint /Game/InventorySystem/Items/Blueprints/Food_Hambone.Food_Hambone
[2020.02.14-14.36.35:198][110]LogD3D11RHI: Error: Direct3DDevice->CreateTexture2D(TextureDesc,SubResourceData,OutTexture2D) failed 
 at D:/Build/++UE4/Sync/Engine/Source/Runtime/Windows/D3D11RHI/Private/D3D11Texture.cpp:479 
 with error E_OUTOFMEMORY, 
 Size=1024x1024x1 Format=DXGI_FORMAT_R16G16B16A16_FLOAT(0x0000000A), NumMips=1, Flags=D3D11_BIND_RENDER_TARGET D3D11_BIND_SHADER_RESOURCE , Usage:0x0, CPUFlags:0x0, MiscFlags:0x0, SampleCount:0x1, SampleQuality:0x0, SubresPtr:0x0000000000000000, SubresPitch:0, SubresSlicePitch:0
[2020.02.14-14.36.42:787][110]LogConsoleResponse:     72 = 32768 KB (2D 8192x2048 PF_ShadowDepth) WholeSceneShadowmap unused(9005)
[2020.02.14-14.36.42:787][110]LogConsoleResponse:     86 = 24576 KB (2D 6144x2048 PF_ShadowDepth) WholeSceneShadowmap unused(1)
[2020.02.14-14.36.42:787][110]LogConsoleResponse:     85 = 24576 KB (2D 6144x2048 PF_ShadowDepth) WholeSceneShadowmap unused(1)
[2020.02.14-14.36.42:787][110]LogConsoleResponse:     84 = 24576 KB (2D 6144x2048 PF_ShadowDepth) WholeSceneShadowmap unused(1)
[2020.02.14-14.36.42:787][110]LogConsoleResponse:     51 = 8192 KB (3D 256x128x32 PF_FloatRGBA RT) AtmosphereDeltaJ
[2020.02.14-14.36.42:787][110]LogConsoleResponse:     52 = 8192 KB (3D 256x128x32 PF_FloatRGBA RT) AtmosphereDeltaSM
[2020.02.14-14.36.42:787][110]LogConsoleResponse:     53 = 8192 KB (3D 256x128x32 PF_FloatRGBA RT) AtmosphereDeltaSR
[2020.02.14-14.36.42:787][110]LogConsoleResponse:     54 = 8192 KB (3D 256x128x32 PF_FloatRGBA RT) AtmosphereInscatter
[2020.02.14-14.36.42:787][110]LogConsoleResponse:     33 = 4410 KB (2D 896x504 PF_DepthStencil 4xMSAA) EditorPrimitivesDepth unused(9005)
[2020.02.14-14.36.42:787][110]LogConsoleResponse:     32 = 3528 KB (2D 896x504 PF_B8G8R8A8 RT 4xMSAA) EditorPrimitivesColor unused(9005)
[2020.02.14-14.36.42:787][110]LogConsoleResponse:     49 = 3528 KB (2D 896x504 PF_FloatRGBA RT UAV VRam) SceneColor unused(7497) VRamInKB(Start/Size):<NONE>
[2020.02.14-14.36.42:787][110]LogConsoleResponse:     39 = 3528 KB (2D 896x504 PF_FloatRGBA RT UAV VRam) SceneColor VRamInKB(Start/Size):<NONE>
[2020.02.14-14.36.42:787][110]LogConsoleResponse:     30 = 3528 KB (2D 896x504 PF_FloatRGBA RT UAV) LightAccumulation
[2020.02.14-14.36.42:787][110]LogConsoleResponse:     60 = 3528 KB (2D 896x504 PF_FloatRGBA RT) ScreenSpaceReflections unused(9005)
[2020.02.14-14.36.42:787][110]LogConsoleResponse:     50 = 3528 KB (2D 896x504 PF_FloatRGBA RT) SeparateTranslucency unused(7497)
[2020.02.14-14.36.42:787][110]LogConsoleResponse:     46 = 3528 KB (2D 896x504 PF_FloatRGBA RT) SSRTemporalAA
[2020.02.14-14.36.42:787][110]LogConsoleResponse:     79 = 3528 KB (2D 896x504 PF_FloatRGBA RT) SSRTemporalAA unused(9005)
[2020.02.14-14.36.42:787][110]LogConsoleResponse:     21 = 2205 KB (2D 896x504 PF_DepthStencil VRam) SceneDepthZ VRamInKB(Start/Size):<NONE>
[2020.02.14-14.36.42:787][110]LogConsoleResponse:     24 = 2048 KB (3D 64x64x64 PF_FloatRGBA RT UAV) TranslucentVolume0
[2020.02.14-14.36.42:787][110]LogConsoleResponse:     26 = 2048 KB (3D 64x64x64 PF_FloatRGBA RT UAV) TranslucentVolume1
[2020.02.14-14.36.42:787][110]LogConsoleResponse:     28 = 2048 KB (3D 64x64x64 PF_FloatRGBA RT UAV) TranslucentVolume2
[2020.02.14-14.36.42:787][110]LogConsoleResponse:     25 = 2048 KB (3D 64x64x64 PF_FloatRGBA RT UAV) TranslucentVolumeDir0
[2020.02.14-14.36.42:787][110]LogConsoleResponse:     27 = 2048 KB (3D 64x64x64 PF_FloatRGBA RT UAV) TranslucentVolumeDir1
[2020.02.14-14.36.42:787][110]LogConsoleResponse:     29 = 2048 KB (3D 64x64x64 PF_FloatRGBA RT UAV) TranslucentVolumeDir2
[2020.02.14-14.36.42:787][110]LogConsoleResponse:     81 = 2048 KB (Cube[2] 128 PF_FloatRGBA) ReflectionEnvs
[2020.02.14-14.36.42:787][110]LogConsoleResponse:     71 = 1764 KB (2D 896x504 PF_A2B10G10R10 RT) GBufferA unused(1)
[2020.02.14-14.36.42:787][110]LogConsoleResponse:     68 = 1764 KB (2D 896x504 PF_B8G8R8A8 RT sRGB) GBufferC unused(1)
[2020.02.14-14.36.42:787][110]LogConsoleResponse:     69 = 1764 KB (2D 896x504 PF_B8G8R8A8 RT VRam) GBufferE unused(1) VRamInKB(Start/Size):<NONE>
[2020.02.14-14.36.42:787][110]LogConsoleResponse:     61 = 1764 KB (2D 896x504 PF_B8G8R8A8 RT VRam) LightAttenuation unused(1) VRamInKB(Start/Size):<NONE>
[2020.02.14-14.36.42:787][110]LogConsoleResponse:     67 = 1764 KB (2D 896x504 PF_B8G8R8A8 RT) GBufferD unused(1)
[2020.02.14-14.36.42:787][110]LogConsoleResponse:     73 = 1764 KB (2D 896x504 PF_B8G8R8A8 RT) HitProxy unused(9004)
[2020.02.14-14.36.42:787][110]LogConsoleResponse:     66 = 1764 KB (2D 896x504 PF_B8G8R8A8 RT) Tonemap unused(1)
[2020.02.14-14.36.42:787][110]LogConsoleResponse:     64 = 1764 KB (2D 896x504 PF_G16R16 RT) Velocity unused(9005)
[2020.02.14-14.36.42:787][110]LogConsoleResponse:     22 = 1103 KB (2D 448x252 PF_DepthStencil) SmallDepthZ
[2020.02.14-14.36.42:787][110]LogConsoleResponse:     74 = 1024 KB (Cube 128 PF_FloatRGBA RT) ReflectionColorScratchCubemap0
[2020.02.14-14.36.42:787][110]LogConsoleResponse:     75 = 1024 KB (Cube 128 PF_FloatRGBA RT) ReflectionColorScratchCubemap1
[2020.02.14-14.36.42:787][110]LogConsoleResponse:     63 = 882 KB (2D 448x252 PF_FloatRGBA RT VRam) AmbientOcclusionSetup unused(9005) VRamInKB(Start/Size):<NONE>
[2020.02.14-14.36.42:787][110]LogConsoleResponse:     31 = 882 KB (2D 896x252 PF_R32_UINT RT UAV) QuadOverdrawBuffer
[2020.02.14-14.36.42:787][110]LogConsoleResponse:     62 = 441 KB (2D 448x252 PF_B8G8R8A8 RT VRam) AmbientOcclusion unused(9005) VRamInKB(Start/Size):<NONE>
[2020.02.14-14.36.42:787][110]LogConsoleResponse:     48 = 441 KB (2D 448x252 PF_FloatRGB RT VRam) BloomBlurX unused(1) VRamInKB(Start/Size):<NONE>
[2020.02.14-14.36.42:787][110]LogConsoleResponse:     34 = 441 KB (2D 448x252 PF_FloatRGB RT) BloomBlurY unused(1)
[2020.02.14-14.36.42:787][110]LogConsoleResponse:     23 = 441 KB (2D 896x504 PF_G8 RT UAV) ScreenSpaceAO
[2020.02.14-14.36.42:787][110]LogConsoleResponse:     65 = 342 KB (2D 512x256 PF_R16F RT VRam) HZB unused(9005) VRamInKB(Start/Size):<NONE>
[2020.02.14-14.36.42:788][110]LogConsoleResponse:     20 = 256 KB (2D 256x256 PF_B8G8R8A8) HZBResultsCPU
[2020.02.14-14.36.42:788][110]LogConsoleResponse:     19 = 256 KB (2D 256x256 PF_B8G8R8A8) HZBResultsCPU
[2020.02.14-14.36.42:788][110]LogConsoleResponse:     88 = 256 KB (2D 256x256 PF_B8G8R8A8) HZBResultsCPU
[2020.02.14-14.36.42:788][110]LogConsoleResponse:     18 = 256 KB (2D 256x256 PF_B8G8R8A8) HZBResultsCPU
[2020.02.14-14.36.42:788][110]LogConsoleResponse:     17 = 256 KB (2D 256x256 PF_B8G8R8A8) HZBResultsCPU
[2020.02.14-14.36.42:788][110]LogConsoleResponse:     59 = 128 KB (2D 256x64 PF_FloatRGBA RT) AtmosphereTransmittance
[2020.02.14-14.36.42:788][110]LogConsoleResponse:     80 = 128 KB (3D 32x32x32 PF_A2B10G10R10 RT VRam) CombineLUTs unused(1) VRamInKB(Start/Size):<NONE>
[2020.02.14-14.36.42:788][110]LogConsoleResponse:     70 = 128 KB (3D 32x32x32 PF_A2B10G10R10 RT VRam) CombineLUTs VRamInKB(Start/Size):<NONE>
[2020.02.14-14.36.42:788][110]LogConsoleResponse:     47 = 111 KB (2D 224x126 PF_FloatRGB RT VRam) BloomBlurX unused(1) VRamInKB(Start/Size):<NONE>
[2020.02.14-14.36.42:788][110]LogConsoleResponse:     35 = 111 KB (2D 224x126 PF_FloatRGB RT) BloomBlurY unused(1)
[2020.02.14-14.36.42:788][110]LogConsoleResponse:      6 = 64 KB (2D 128x128 PF_B8G8R8A8) PerlinNoiseGradient
[2020.02.14-14.36.42:788][110]LogConsoleResponse:     76 = 64 KB (Cube 32 PF_FloatRGBA RT) DiffuseIrradianceScratchCubemap0
[2020.02.14-14.36.42:788][110]LogConsoleResponse:     77 = 64 KB (Cube 32 PF_FloatRGBA RT) DiffuseIrradianceScratchCubemap1
[2020.02.14-14.36.42:788][110]LogConsoleResponse:     40 = 32 KB (2D 64x64 PF_A16B16G16R16) SSProfiles
[2020.02.14-14.36.42:788][110]LogConsoleResponse:     15 = 32 KB (2D 64x64 PF_FloatRGBA VRam) LTCMat VRamInKB(Start/Size):<NONE>
[2020.02.14-14.36.42:788][110]LogConsoleResponse:     45 = 28 KB (2D 112x63 PF_FloatRGB RT VRam) BloomBlurX unused(1) VRamInKB(Start/Size):<NONE>
[2020.02.14-14.36.42:788][110]LogConsoleResponse:     36 = 28 KB (2D 112x63 PF_FloatRGB RT) BloomBlurY unused(1)
[2020.02.14-14.36.42:788][110]LogConsoleResponse:     14 = 16 KB (2D 128x32 PF_G16R16) PreintegratedGF
[2020.02.14-14.36.42:788][110]LogConsoleResponse:     16 = 16 KB (2D 64x64 PF_G16R16F VRam) LTCAmp VRamInKB(Start/Size):<NONE>
[2020.02.14-14.36.42:788][110]LogConsoleResponse:     12 = 16 KB (3D 16x16x16 PF_B8G8R8A8) PerlinNoise3D
[2020.02.14-14.36.42:788][110]LogConsoleResponse:     55 = 8 KB (2D 64x16 PF_FloatRGBA RT) AtmosphereDeltaE
[2020.02.14-14.36.42:788][110]LogConsoleResponse:     56 = 8 KB (2D 64x16 PF_FloatRGBA RT) AtmosphereIrradiance
[2020.02.14-14.36.42:788][110]LogConsoleResponse:     13 = 8 KB (2D 64x64 PF_R8G8) SSAORandomization
[2020.02.14-14.36.42:788][110]LogConsoleResponse:     44 = 7 KB (2D 56x32 PF_FloatRGB RT VRam) BloomBlurX unused(1) VRamInKB(Start/Size):<NONE>
[2020.02.14-14.36.42:788][110]LogConsoleResponse:     37 = 7 KB (2D 56x32 PF_FloatRGB RT) BloomBlurY unused(1)
[2020.02.14-14.36.42:788][110]LogConsoleResponse:     43 = 2 KB (2D 28x16 PF_FloatRGB RT VRam) BloomBlurX unused(1) VRamInKB(Start/Size):<NONE>
[2020.02.14-14.36.42:788][110]LogConsoleResponse:     38 = 2 KB (2D 28x16 PF_FloatRGB RT) BloomBlurY unused(1)
[2020.02.14-14.36.42:788][110]LogConsoleResponse:     42 = 1 KB (2D 14x8 PF_FloatRGB RT VRam) BloomBlurX unused(1) VRamInKB(Start/Size):<NONE>
[2020.02.14-14.36.42:788][110]LogConsoleResponse:     41 = 1 KB (2D 14x8 PF_FloatRGB RT) BloomBlurY unused(1)
[2020.02.14-14.36.42:788][110]LogConsoleResponse:     58 = 1 KB (2D 1x1 PF_A32B32G32R32F RT UAV) EyeAdaptation
[2020.02.14-14.36.42:788][110]LogConsoleResponse:     57 = 1 KB (2D 1x1 PF_A32B32G32R32F RT UAV) EyeAdaptation
[2020.02.14-14.36.42:788][110]LogConsoleResponse:     83 = 1 KB (2D 1x1 PF_A32B32G32R32F RT UAV) EyeAdaptation unused(9005)
[2020.02.14-14.36.42:788][110]LogConsoleResponse:     82 = 1 KB (2D 1x1 PF_A32B32G32R32F RT UAV) EyeAdaptation unused(9005)
[2020.02.14-14.36.42:788][110]LogConsoleResponse:      3 = 1 KB (2D 1x1 PF_B8G8R8A8 RT) BlackAlphaOneDummy
[2020.02.14-14.36.42:788][110]LogConsoleResponse:      2 = 1 KB (2D 1x1 PF_B8G8R8A8 RT) BlackDummy
[2020.02.14-14.36.42:788][110]LogConsoleResponse:      5 = 1 KB (2D 1x1 PF_B8G8R8A8 RT) DefaultNormal8Bit
[2020.02.14-14.36.42:788][110]LogConsoleResponse:      4 = 1 KB (2D 1x1 PF_B8G8R8A8 RT) GreenDummy
[2020.02.14-14.36.42:788][110]LogConsoleResponse:      1 = 1 KB (2D 1x1 PF_B8G8R8A8 RT) WhiteDummy
[2020.02.14-14.36.42:788][110]LogConsoleResponse:      8 = 1 KB (2D 1x1 PF_DepthStencil) DepthDummy
[2020.02.14-14.36.42:788][110]LogConsoleResponse:      7 = 1 KB (2D 1x1 PF_FloatRGBA RT) MaxFP16Depth
[2020.02.14-14.36.42:788][110]LogConsoleResponse:      9 = 1 KB (2D 1x1 PF_FloatRGBA RT) MidGreyDummy
[2020.02.14-14.36.42:788][110]LogConsoleResponse:     87 = 1 KB (2D 1x1 PF_FloatRGBA RT) ReflectionBrightness unused(3443)
[2020.02.14-14.36.42:788][110]LogConsoleResponse:     10 = 1 KB (2D 32x16 PF_R16_UINT) SobolSampling
[2020.02.14-14.36.42:788][110]LogConsoleResponse:     78 = 1 KB (2D 9x1 PF_FloatRGBA RT) SkySHIrradianceMap
[2020.02.14-14.36.42:788][110]LogConsoleResponse:     11 = 1 KB (3D 1x1x1 PF_B8G8R8A8 RT) VolumetricBlackDummy
[2020.02.14-14.36.42:788][110]LogConsoleResponse: 
[2020.02.14-14.36.42:788][110]LogConsoleResponse: Pool: 65/207 MB (referenced/allocated)
[2020.02.14-14.36.42:788][110]Cmd: rhi.DumpMemory
[2020.02.14-14.36.42:849][110]RHI resource memory (not tracked by our allocator)
[2020.02.14-14.36.42:860][110]         2228160  -  Render target memory Cube - STAT_RenderTargetMemoryCube - STATGROUP_RHI - STATCAT_Advanced
[2020.02.14-14.36.42:860][110]        46399492  -  Render target memory 3D - STAT_RenderTargetMemory3D - STATGROUP_RHI - STATCAT_Advanced
[2020.02.14-14.36.42:860][110]         1086976  -  Uniform buffer memory - STAT_UniformBufferMemory - STATGROUP_RHI - STATCAT_Advanced
[2020.02.14-14.36.42:860][110]         8413256  -  Texture memory 3D - STAT_TextureMemory3D - STATGROUP_RHI - STATCAT_Advanced
[2020.02.14-14.36.42:860][110]       128033480  -  Texture memory 2D - STAT_TextureMemory2D - STATGROUP_RHI - STATCAT_Advanced
[2020.02.14-14.36.42:860][110]        25231380  -  Texture memory Cube - STAT_TextureMemoryCube - STATGROUP_RHI - STATCAT_Advanced
[2020.02.14-14.36.42:860][110]       643961197  -  Render target memory 2D - STAT_RenderTargetMemory2D - STATGROUP_RHI - STATCAT_Advanced
[2020.02.14-14.36.42:860][110]          105276  -  Structured buffer memory - STAT_StructuredBufferMemory - STATGROUP_RHI - STATCAT_Advanced
[2020.02.14-14.36.42:860][110]       125727320  -  Vertex buffer memory - STAT_VertexBufferMemory - STATGROUP_RHI - STATCAT_Advanced
[2020.02.14-14.36.42:860][110]         7702988  -  Index buffer memory - STAT_IndexBufferMemory - STATGROUP_RHI - STATCAT_Advanced
[2020.02.14-14.36.42:862][110]943.079MB total
[2020.02.14-14.36.42:872][110]LogWindows: FPlatformMisc::RequestExit(1)
[2020.02.14-14.36.42:968][110]Log file closed, 02/14/20 09:36:42
